<?xml version="1.0" encoding="UTF-8"?>
<testsuite name="com.life.boot.springboot.domain.posts.PostsRepositoryTest" tests="2" skipped="0" failures="0" errors="0" timestamp="2023-02-15T02:19:48" hostname="DESKTOP-LS01TOA" time="0.213">
  <properties/>
  <testcase name="callBbs" classname="com.life.boot.springboot.domain.posts.PostsRepositoryTest" time="0.207"/>
  <testcase name="BaseTimeEntity_등록" classname="com.life.boot.springboot.domain.posts.PostsRepositoryTest" time="0.006"/>
  <system-out><![CDATA[11:19:44.174 [Test worker] DEBUG org.springframework.test.context.junit4.SpringJUnit4ClassRunner - SpringJUnit4ClassRunner constructor called with [class com.life.boot.springboot.domain.posts.PostsRepositoryTest]
11:19:44.180 [Test worker] DEBUG org.springframework.test.context.BootstrapUtils - Instantiating CacheAwareContextLoaderDelegate from class [org.springframework.test.context.cache.DefaultCacheAwareContextLoaderDelegate]
11:19:44.187 [Test worker] DEBUG org.springframework.test.context.BootstrapUtils - Instantiating BootstrapContext using constructor [public org.springframework.test.context.support.DefaultBootstrapContext(java.lang.Class,org.springframework.test.context.CacheAwareContextLoaderDelegate)]
11:19:44.197 [Test worker] DEBUG org.springframework.test.context.BootstrapUtils - Instantiating TestContextBootstrapper for test class [com.life.boot.springboot.domain.posts.PostsRepositoryTest] from class [org.springframework.boot.test.context.SpringBootTestContextBootstrapper]
11:19:44.206 [Test worker] INFO org.springframework.boot.test.context.SpringBootTestContextBootstrapper - Neither @ContextConfiguration nor @ContextHierarchy found for test class [com.life.boot.springboot.domain.posts.PostsRepositoryTest], using SpringBootContextLoader
11:19:44.208 [Test worker] DEBUG org.springframework.test.context.support.AbstractContextLoader - Did not detect default resource location for test class [com.life.boot.springboot.domain.posts.PostsRepositoryTest]: class path resource [com/life/boot/springboot/domain/posts/PostsRepositoryTest-context.xml] does not exist
11:19:44.208 [Test worker] DEBUG org.springframework.test.context.support.AbstractContextLoader - Did not detect default resource location for test class [com.life.boot.springboot.domain.posts.PostsRepositoryTest]: class path resource [com/life/boot/springboot/domain/posts/PostsRepositoryTestContext.groovy] does not exist
11:19:44.208 [Test worker] INFO org.springframework.test.context.support.AbstractContextLoader - Could not detect default resource locations for test class [com.life.boot.springboot.domain.posts.PostsRepositoryTest]: no resource found for suffixes {-context.xml, Context.groovy}.
11:19:44.209 [Test worker] INFO org.springframework.test.context.support.AnnotationConfigContextLoaderUtils - Could not detect default configuration classes for test class [com.life.boot.springboot.domain.posts.PostsRepositoryTest]: PostsRepositoryTest does not declare any static, non-private, non-final, nested classes annotated with @Configuration.
11:19:44.234 [Test worker] DEBUG org.springframework.test.context.support.ActiveProfilesUtils - Could not find an 'annotation declaring class' for annotation type [org.springframework.test.context.ActiveProfiles] and class [com.life.boot.springboot.domain.posts.PostsRepositoryTest]
11:19:44.297 [Test worker] DEBUG org.springframework.context.annotation.ClassPathScanningCandidateComponentProvider - Identified candidate component class: file [D:\kim\ws\bootPrj\MyBootPrj\build\classes\java\main\com\life\boot\springboot\Application.class]
11:19:44.298 [Test worker] INFO org.springframework.boot.test.context.SpringBootTestContextBootstrapper - Found @SpringBootConfiguration com.life.boot.springboot.Application for test class com.life.boot.springboot.domain.posts.PostsRepositoryTest
11:19:44.358 [Test worker] DEBUG org.springframework.boot.test.context.SpringBootTestContextBootstrapper - @TestExecutionListeners is not present for class [com.life.boot.springboot.domain.posts.PostsRepositoryTest]: using defaults.
11:19:44.358 [Test worker] INFO org.springframework.boot.test.context.SpringBootTestContextBootstrapper - Loaded default TestExecutionListener class names from location [META-INF/spring.factories]: [org.springframework.security.test.context.support.WithSecurityContextTestExecutionListener, org.springframework.security.test.context.support.ReactorContextTestExecutionListener, org.springframework.boot.test.autoconfigure.restdocs.RestDocsTestExecutionListener, org.springframework.boot.test.autoconfigure.web.client.MockRestServiceServerResetTestExecutionListener, org.springframework.boot.test.autoconfigure.web.servlet.MockMvcPrintOnlyOnFailureTestExecutionListener, org.springframework.boot.test.autoconfigure.web.servlet.WebDriverTestExecutionListener, org.springframework.boot.test.mock.mockito.MockitoTestExecutionListener, org.springframework.boot.test.mock.mockito.ResetMocksTestExecutionListener, org.springframework.test.context.web.ServletTestExecutionListener, org.springframework.test.context.support.DirtiesContextBeforeModesTestExecutionListener, org.springframework.test.context.support.DependencyInjectionTestExecutionListener, org.springframework.test.context.support.DirtiesContextTestExecutionListener, org.springframework.test.context.transaction.TransactionalTestExecutionListener, org.springframework.test.context.jdbc.SqlScriptsTestExecutionListener]
11:19:44.381 [Test worker] INFO org.springframework.boot.test.context.SpringBootTestContextBootstrapper - Using TestExecutionListeners: [org.springframework.test.context.web.ServletTestExecutionListener@3e4ee846, org.springframework.test.context.support.DirtiesContextBeforeModesTestExecutionListener@49c61140, org.springframework.boot.test.mock.mockito.MockitoTestExecutionListener@3385696c, org.springframework.boot.test.autoconfigure.SpringBootDependencyInjectionTestExecutionListener@528f14ba, org.springframework.test.context.support.DirtiesContextTestExecutionListener@1bcaca75, org.springframework.test.context.transaction.TransactionalTestExecutionListener@62ff945d, org.springframework.test.context.jdbc.SqlScriptsTestExecutionListener@7aa95f67, org.springframework.security.test.context.support.WithSecurityContextTestExecutionListener@50a9ae4c, org.springframework.security.test.context.support.ReactorContextTestExecutionListener@1d7d4f4e, org.springframework.boot.test.autoconfigure.restdocs.RestDocsTestExecutionListener@3be7dc0, org.springframework.boot.test.autoconfigure.web.client.MockRestServiceServerResetTestExecutionListener@335c48b7, org.springframework.boot.test.autoconfigure.web.servlet.MockMvcPrintOnlyOnFailureTestExecutionListener@2e1a4b5e, org.springframework.boot.test.autoconfigure.web.servlet.WebDriverTestExecutionListener@596a76ec, org.springframework.boot.test.mock.mockito.ResetMocksTestExecutionListener@29ca507c]
11:19:44.382 [Test worker] DEBUG org.springframework.test.annotation.ProfileValueUtils - Retrieved @ProfileValueSourceConfiguration [null] for test class [com.life.boot.springboot.domain.posts.PostsRepositoryTest]
11:19:44.383 [Test worker] DEBUG org.springframework.test.annotation.ProfileValueUtils - Retrieved ProfileValueSource type [class org.springframework.test.annotation.SystemProfileValueSource] for class [com.life.boot.springboot.domain.posts.PostsRepositoryTest]
11:19:44.383 [Test worker] DEBUG org.springframework.test.annotation.ProfileValueUtils - Retrieved @ProfileValueSourceConfiguration [null] for test class [com.life.boot.springboot.domain.posts.PostsRepositoryTest]
11:19:44.383 [Test worker] DEBUG org.springframework.test.annotation.ProfileValueUtils - Retrieved ProfileValueSource type [class org.springframework.test.annotation.SystemProfileValueSource] for class [com.life.boot.springboot.domain.posts.PostsRepositoryTest]
11:19:44.386 [Test worker] DEBUG org.springframework.test.context.support.AbstractDirtiesContextTestExecutionListener - Before test class: context [DefaultTestContext@151165a8 testClass = PostsRepositoryTest, testInstance = [null], testMethod = [null], testException = [null], mergedContextConfiguration = [WebMergedContextConfiguration@108ab06e testClass = PostsRepositoryTest, locations = '{}', classes = '{class com.life.boot.springboot.Application}', contextInitializerClasses = '[]', activeProfiles = '{}', propertySourceLocations = '{}', propertySourceProperties = '{org.springframework.boot.test.context.SpringBootTestContextBootstrapper=true}', contextCustomizers = set[org.springframework.boot.test.autoconfigure.properties.PropertyMappingContextCustomizer@0, org.springframework.boot.test.autoconfigure.web.servlet.WebDriverContextCustomizerFactory$Customizer@3edf534a, org.springframework.boot.test.context.filter.ExcludeFilterContextCustomizer@36fb95e7, org.springframework.boot.test.json.DuplicateJsonObjectContextCustomizerFactory$DuplicateJsonObjectContextCustomizer@7f6808b0, org.springframework.boot.test.mock.mockito.MockitoContextCustomizer@0, org.springframework.boot.test.web.client.TestRestTemplateContextCustomizer@cf2dcf8], resourceBasePath = 'src/main/webapp', contextLoader = 'org.springframework.boot.test.context.SpringBootContextLoader', parent = [null]], attributes = map['org.springframework.test.context.web.ServletTestExecutionListener.activateListener' -> true]], class annotated with @DirtiesContext [false] with mode [null].
11:19:44.386 [Test worker] DEBUG org.springframework.test.annotation.ProfileValueUtils - Retrieved @ProfileValueSourceConfiguration [null] for test class [com.life.boot.springboot.domain.posts.PostsRepositoryTest]
11:19:44.386 [Test worker] DEBUG org.springframework.test.annotation.ProfileValueUtils - Retrieved ProfileValueSource type [class org.springframework.test.annotation.SystemProfileValueSource] for class [com.life.boot.springboot.domain.posts.PostsRepositoryTest]
11:19:44.398 [Test worker] DEBUG org.springframework.test.context.support.TestPropertySourceUtils - Adding inlined properties to environment: {spring.jmx.enabled=false, org.springframework.boot.test.context.SpringBootTestContextBootstrapper=true, server.port=-1}

  .   ____          _            __ _ _
 /\\ / ___'_ __ _ _(_)_ __  __ _ \ \ \ \
( ( )\___ | '_ | '_| | '_ \/ _` | \ \ \ \
 \\/  ___)| |_)| | | | | || (_| |  ) ) ) )
  '  |____| .__|_| |_|_| |_\__, | / / / /
 =========|_|==============|___/=/_/_/_/
 :: Spring Boot ::        (v2.1.7.RELEASE)

2023-02-15 11:19:44.545  INFO 15692 --- [    Test worker] c.l.b.s.d.posts.PostsRepositoryTest      : Starting PostsRepositoryTest on DESKTOP-LS01TOA with PID 15692 (started by kne in D:\kim\ws\bootPrj\MyBootPrj)
2023-02-15 11:19:44.547  INFO 15692 --- [    Test worker] c.l.b.s.d.posts.PostsRepositoryTest      : No active profile set, falling back to default profiles: default
2023-02-15 11:19:45.146  INFO 15692 --- [    Test worker] .s.d.r.c.RepositoryConfigurationDelegate : Bootstrapping Spring Data repositories in DEFAULT mode.
2023-02-15 11:19:45.194  INFO 15692 --- [    Test worker] .s.d.r.c.RepositoryConfigurationDelegate : Finished Spring Data repository scanning in 42ms. Found 2 repository interfaces.
2023-02-15 11:19:45.529  INFO 15692 --- [    Test worker] trationDelegate$BeanPostProcessorChecker : Bean 'org.springframework.transaction.annotation.ProxyTransactionManagementConfiguration' of type [org.springframework.transaction.annotation.ProxyTransactionManagementConfiguration$$EnhancerBySpringCGLIB$$3104a6fa] is not eligible for getting processed by all BeanPostProcessors (for example: not eligible for auto-proxying)
2023-02-15 11:19:45.710  INFO 15692 --- [    Test worker] com.zaxxer.hikari.HikariDataSource       : HikariPool-1 - Starting...
2023-02-15 11:19:45.814  INFO 15692 --- [    Test worker] com.zaxxer.hikari.HikariDataSource       : HikariPool-1 - Start completed.
2023-02-15 11:19:45.880  INFO 15692 --- [    Test worker] o.hibernate.jpa.internal.util.LogHelper  : HHH000204: Processing PersistenceUnitInfo [
	name: default
	...]
2023-02-15 11:19:45.923  INFO 15692 --- [    Test worker] org.hibernate.Version                    : HHH000412: Hibernate Core {5.3.10.Final}
2023-02-15 11:19:45.924  INFO 15692 --- [    Test worker] org.hibernate.cfg.Environment            : HHH000206: hibernate.properties not found
2023-02-15 11:19:46.026  INFO 15692 --- [    Test worker] o.hibernate.annotations.common.Version   : HCANN000001: Hibernate Commons Annotations {5.0.4.Final}
2023-02-15 11:19:46.132  INFO 15692 --- [    Test worker] org.hibernate.dialect.Dialect            : HHH000400: Using dialect: org.hibernate.dialect.H2Dialect
Hibernate: drop table posts if exists
Hibernate: drop table user if exists
Hibernate: create table posts (id bigint generated by default as identity, create_date timestamp, modified_date timestamp, author varchar(255), content TEXT not null, title varchar(500) not null, primary key (id))
Hibernate: create table user (id bigint generated by default as identity, create_date timestamp, modified_date timestamp, email varchar(255) not null, name varchar(255) not null, picture varchar(255), role varchar(255) not null, primary key (id))
2023-02-15 11:19:46.559  INFO 15692 --- [    Test worker] o.h.t.schema.internal.SchemaCreatorImpl  : HHH000476: Executing import script 'org.hibernate.tool.schema.internal.exec.ScriptSourceInputNonExistentImpl@5126a4ef'
2023-02-15 11:19:46.562  INFO 15692 --- [    Test worker] j.LocalContainerEntityManagerFactoryBean : Initialized JPA EntityManagerFactory for persistence unit 'default'
2023-02-15 11:19:47.005  INFO 15692 --- [    Test worker] o.h.h.i.QueryTranslatorFactoryInitiator  : HHH000397: Using ASTQueryTranslatorFactory
2023-02-15 11:19:47.488  INFO 15692 --- [    Test worker] o.s.s.web.DefaultSecurityFilterChain     : Creating filter chain: any request, [org.springframework.security.web.context.request.async.WebAsyncManagerIntegrationFilter@182a333c, org.springframework.security.web.context.SecurityContextPersistenceFilter@528fab8f, org.springframework.security.web.header.HeaderWriterFilter@1c6b344a, org.springframework.security.web.authentication.logout.LogoutFilter@36d810dd, org.springframework.security.oauth2.client.web.OAuth2AuthorizationRequestRedirectFilter@516d50a9, org.springframework.security.oauth2.client.web.OAuth2LoginAuthenticationFilter@17b08d1a, org.springframework.security.web.authentication.ui.DefaultLoginPageGeneratingFilter@76dad704, org.springframework.security.web.authentication.ui.DefaultLogoutPageGeneratingFilter@416cdb07, org.springframework.security.web.savedrequest.RequestCacheAwareFilter@63e8a3f4, org.springframework.security.web.servletapi.SecurityContextHolderAwareRequestFilter@1c7e4e9f, org.springframework.security.web.authentication.AnonymousAuthenticationFilter@465d541c, org.springframework.security.web.session.SessionManagementFilter@2e084d43, org.springframework.security.web.access.ExceptionTranslationFilter@674c20c5, org.springframework.security.web.access.intercept.FilterSecurityInterceptor@579a7261]
2023-02-15 11:19:47.900  INFO 15692 --- [    Test worker] o.s.s.concurrent.ThreadPoolTaskExecutor  : Initializing ExecutorService 'applicationTaskExecutor'
2023-02-15 11:19:47.942  WARN 15692 --- [    Test worker] aWebConfiguration$JpaWebMvcConfiguration : spring.jpa.open-in-view is enabled by default. Therefore, database queries may be performed during view rendering. Explicitly configure spring.jpa.open-in-view to disable this warning
2023-02-15 11:19:47.981  INFO 15692 --- [    Test worker] o.s.b.a.w.s.WelcomePageHandlerMapping    : Adding welcome page template: index
2023-02-15 11:19:48.373  INFO 15692 --- [    Test worker] s.a.ScheduledAnnotationBeanPostProcessor : No TaskScheduler/ScheduledExecutorService bean found for scheduled processing
2023-02-15 11:19:48.383  INFO 15692 --- [    Test worker] c.l.b.s.d.posts.PostsRepositoryTest      : Started PostsRepositoryTest in 3.981 seconds (JVM running for 5.468)
Hibernate: insert into posts (id, create_date, modified_date, author, content, title) values (null, ?, ?, ?, ?, ?)
Hibernate: select posts0_.id as id1_0_, posts0_.create_date as create_d2_0_, posts0_.modified_date as modified3_0_, posts0_.author as author4_0_, posts0_.content as content5_0_, posts0_.title as title6_0_ from posts posts0_
Hibernate: select posts0_.id as id1_0_, posts0_.create_date as create_d2_0_, posts0_.modified_date as modified3_0_, posts0_.author as author4_0_, posts0_.content as content5_0_, posts0_.title as title6_0_ from posts posts0_
Hibernate: delete from posts where id=?
Hibernate: insert into posts (id, create_date, modified_date, author, content, title) values (null, ?, ?, ?, ?, ?)
Hibernate: select posts0_.id as id1_0_, posts0_.create_date as create_d2_0_, posts0_.modified_date as modified3_0_, posts0_.author as author4_0_, posts0_.content as content5_0_, posts0_.title as title6_0_ from posts posts0_
>>>>>> createDate = 2023-02-15T11:19:48.606, modifiedDate = 2023-02-15T11:19:48.606
Hibernate: select posts0_.id as id1_0_, posts0_.create_date as create_d2_0_, posts0_.modified_date as modified3_0_, posts0_.author as author4_0_, posts0_.content as content5_0_, posts0_.title as title6_0_ from posts posts0_
Hibernate: delete from posts where id=?
]]></system-out>
  <system-err><![CDATA[]]></system-err>
</testsuite>
