<?xml version="1.0" encoding="UTF-8"?>
<testsuite name="com.life.boot.springboot.ProfileControllerUnitTest" tests="3" skipped="0" failures="0" errors="0" timestamp="2023-02-28T01:02:15" hostname="DESKTOP-LS01TOA" time="0.092">
  <properties/>
  <testcase name="real_profile이_없으면_첫_번째가_조회된다" classname="com.life.boot.springboot.ProfileControllerUnitTest" time="0.092"/>
  <testcase name="active_profile이_없으면_default가_조회된다" classname="com.life.boot.springboot.ProfileControllerUnitTest" time="0.0"/>
  <testcase name="real_profile이_조회된다" classname="com.life.boot.springboot.ProfileControllerUnitTest" time="0.0"/>
  <system-out><![CDATA[10:02:15.792 [Test worker] DEBUG org.springframework.mock.env.MockEnvironment - Activating profile 'oauth'
10:02:15.795 [Test worker] DEBUG org.springframework.mock.env.MockEnvironment - Activating profile 'real-db'
10:02:15.830 [Test worker] DEBUG org.springframework.mock.env.MockEnvironment - Activating profile 'real'
10:02:15.830 [Test worker] DEBUG org.springframework.mock.env.MockEnvironment - Activating profile 'oauth'
10:02:15.830 [Test worker] DEBUG org.springframework.mock.env.MockEnvironment - Activating profile 'real-db'
]]></system-out>
  <system-err><![CDATA[]]></system-err>
</testsuite>
