<?xml version="1.0" encoding="UTF-8"?>
<testsuite name="com.life.boot.springboot.IndexControllerTest" tests="1" skipped="0" failures="0" errors="0" timestamp="2023-02-28T01:02:22" hostname="DESKTOP-LS01TOA" time="0.141">
  <properties/>
  <testcase name="main_page_load" classname="com.life.boot.springboot.IndexControllerTest" time="0.141"/>
  <system-out><![CDATA[2023-02-28 10:02:20.941  INFO 10620 --- [    Test worker] .b.t.c.SpringBootTestContextBootstrapper : Neither @ContextConfiguration nor @ContextHierarchy found for test class [com.life.boot.springboot.IndexControllerTest], using SpringBootContextLoader
2023-02-28 10:02:20.941  INFO 10620 --- [    Test worker] o.s.t.c.support.AbstractContextLoader    : Could not detect default resource locations for test class [com.life.boot.springboot.IndexControllerTest]: no resource found for suffixes {-context.xml, Context.groovy}.
2023-02-28 10:02:20.942  INFO 10620 --- [    Test worker] t.c.s.AnnotationConfigContextLoaderUtils : Could not detect default configuration classes for test class [com.life.boot.springboot.IndexControllerTest]: IndexControllerTest does not declare any static, non-private, non-final, nested classes annotated with @Configuration.
2023-02-28 10:02:20.943  INFO 10620 --- [    Test worker] .b.t.c.SpringBootTestContextBootstrapper : Found @SpringBootConfiguration com.life.boot.springboot.Application for test class com.life.boot.springboot.IndexControllerTest
2023-02-28 10:02:20.944  INFO 10620 --- [    Test worker] .b.t.c.SpringBootTestContextBootstrapper : Loaded default TestExecutionListener class names from location [META-INF/spring.factories]: [org.springframework.security.test.context.support.WithSecurityContextTestExecutionListener, org.springframework.security.test.context.support.ReactorContextTestExecutionListener, org.springframework.boot.test.autoconfigure.restdocs.RestDocsTestExecutionListener, org.springframework.boot.test.autoconfigure.web.client.MockRestServiceServerResetTestExecutionListener, org.springframework.boot.test.autoconfigure.web.servlet.MockMvcPrintOnlyOnFailureTestExecutionListener, org.springframework.boot.test.autoconfigure.web.servlet.WebDriverTestExecutionListener, org.springframework.boot.test.mock.mockito.MockitoTestExecutionListener, org.springframework.boot.test.mock.mockito.ResetMocksTestExecutionListener, org.springframework.test.context.web.ServletTestExecutionListener, org.springframework.test.context.support.DirtiesContextBeforeModesTestExecutionListener, org.springframework.test.context.support.DependencyInjectionTestExecutionListener, org.springframework.test.context.support.DirtiesContextTestExecutionListener, org.springframework.test.context.transaction.TransactionalTestExecutionListener, org.springframework.test.context.jdbc.SqlScriptsTestExecutionListener]
2023-02-28 10:02:20.944  INFO 10620 --- [    Test worker] .b.t.c.SpringBootTestContextBootstrapper : Using TestExecutionListeners: [org.springframework.test.context.web.ServletTestExecutionListener@62e177fc, org.springframework.test.context.support.DirtiesContextBeforeModesTestExecutionListener@789a868a, org.springframework.boot.test.mock.mockito.MockitoTestExecutionListener@79877975, org.springframework.boot.test.autoconfigure.SpringBootDependencyInjectionTestExecutionListener@294914d2, org.springframework.test.context.support.DirtiesContextTestExecutionListener@407ed890, org.springframework.test.context.transaction.TransactionalTestExecutionListener@6c7ca8c3, org.springframework.test.context.jdbc.SqlScriptsTestExecutionListener@2e7228e8, org.springframework.security.test.context.support.WithSecurityContextTestExecutionListener@4ffc5670, org.springframework.security.test.context.support.ReactorContextTestExecutionListener@79f0ad47, org.springframework.boot.test.autoconfigure.restdocs.RestDocsTestExecutionListener@70c3280a, org.springframework.boot.test.autoconfigure.web.client.MockRestServiceServerResetTestExecutionListener@4fc97b92, org.springframework.boot.test.autoconfigure.web.servlet.MockMvcPrintOnlyOnFailureTestExecutionListener@62abebcd, org.springframework.boot.test.autoconfigure.web.servlet.WebDriverTestExecutionListener@1ecde84a, org.springframework.boot.test.mock.mockito.ResetMocksTestExecutionListener@772700e1]

  .   ____          _            __ _ _
 /\\ / ___'_ __ _ _(_)_ __  __ _ \ \ \ \
( ( )\___ | '_ | '_| | '_ \/ _` | \ \ \ \
 \\/  ___)| |_)| | | | | || (_| |  ) ) ) )
  '  |____| .__|_| |_|_| |_\__, | / / / /
 =========|_|==============|___/=/_/_/_/
 :: Spring Boot ::        (v2.1.7.RELEASE)

2023-02-28 10:02:20.966  INFO 10620 --- [    Test worker] c.l.boot.springboot.IndexControllerTest  : Starting IndexControllerTest on DESKTOP-LS01TOA with PID 10620 (started by kne in D:\kim\ws\bootPrj\MyBootPrj)
2023-02-28 10:02:20.966  INFO 10620 --- [    Test worker] c.l.boot.springboot.IndexControllerTest  : No active profile set, falling back to default profiles: default
2023-02-28 10:02:21.108  INFO 10620 --- [    Test worker] .s.d.r.c.RepositoryConfigurationDelegate : Bootstrapping Spring Data repositories in DEFAULT mode.
2023-02-28 10:02:21.121  INFO 10620 --- [    Test worker] .s.d.r.c.RepositoryConfigurationDelegate : Finished Spring Data repository scanning in 13ms. Found 2 repository interfaces.
2023-02-28 10:02:21.203  INFO 10620 --- [    Test worker] trationDelegate$BeanPostProcessorChecker : Bean 'org.springframework.transaction.annotation.ProxyTransactionManagementConfiguration' of type [org.springframework.transaction.annotation.ProxyTransactionManagementConfiguration$$EnhancerBySpringCGLIB$$e247418e] is not eligible for getting processed by all BeanPostProcessors (for example: not eligible for auto-proxying)
2023-02-28 10:02:21.393  INFO 10620 --- [    Test worker] o.s.b.w.embedded.tomcat.TomcatWebServer  : Tomcat initialized with port(s): 0 (http)
2023-02-28 10:02:21.415  INFO 10620 --- [    Test worker] o.apache.catalina.core.StandardService   : Starting service [Tomcat]
2023-02-28 10:02:21.415  INFO 10620 --- [    Test worker] org.apache.catalina.core.StandardEngine  : Starting Servlet engine: [Apache Tomcat/9.0.22]
2023-02-28 10:02:21.534  INFO 10620 --- [    Test worker] o.a.c.c.C.[Tomcat].[localhost].[/]       : Initializing Spring embedded WebApplicationContext
2023-02-28 10:02:21.534  INFO 10620 --- [    Test worker] o.s.web.context.ContextLoader            : Root WebApplicationContext: initialization completed in 567 ms
2023-02-28 10:02:21.681  INFO 10620 --- [    Test worker] com.zaxxer.hikari.HikariDataSource       : HikariPool-2 - Starting...
2023-02-28 10:02:21.682  INFO 10620 --- [    Test worker] com.zaxxer.hikari.HikariDataSource       : HikariPool-2 - Start completed.
2023-02-28 10:02:21.704  INFO 10620 --- [    Test worker] o.hibernate.jpa.internal.util.LogHelper  : HHH000204: Processing PersistenceUnitInfo [
	name: default
	...]
2023-02-28 10:02:21.710  INFO 10620 --- [    Test worker] org.hibernate.dialect.Dialect            : HHH000400: Using dialect: org.hibernate.dialect.H2Dialect
Hibernate: drop table posts if exists
Hibernate: drop table user if exists
Hibernate: create table posts (id bigint generated by default as identity, create_date timestamp, modified_date timestamp, author varchar(255), content TEXT not null, title varchar(500) not null, primary key (id))
Hibernate: create table user (id bigint generated by default as identity, create_date timestamp, modified_date timestamp, email varchar(255) not null, name varchar(255) not null, picture varchar(255), role varchar(255) not null, primary key (id))
2023-02-28 10:02:21.752  INFO 10620 --- [    Test worker] o.h.t.schema.internal.SchemaCreatorImpl  : HHH000476: Executing import script 'org.hibernate.tool.schema.internal.exec.ScriptSourceInputNonExistentImpl@7072498c'
2023-02-28 10:02:21.752  INFO 10620 --- [    Test worker] j.LocalContainerEntityManagerFactoryBean : Initialized JPA EntityManagerFactory for persistence unit 'default'
2023-02-28 10:02:21.989  INFO 10620 --- [    Test worker] o.h.h.i.QueryTranslatorFactoryInitiator  : HHH000397: Using ASTQueryTranslatorFactory
2023-02-28 10:02:22.100  INFO 10620 --- [    Test worker] o.s.s.web.DefaultSecurityFilterChain     : Creating filter chain: any request, [org.springframework.security.web.context.request.async.WebAsyncManagerIntegrationFilter@70fff38, org.springframework.security.web.context.SecurityContextPersistenceFilter@1d90fd15, org.springframework.security.web.header.HeaderWriterFilter@5ed239d0, org.springframework.security.web.authentication.logout.LogoutFilter@35e0bc57, org.springframework.security.oauth2.client.web.OAuth2AuthorizationRequestRedirectFilter@2125a841, org.springframework.security.oauth2.client.web.OAuth2LoginAuthenticationFilter@7caefca6, org.springframework.security.web.authentication.ui.DefaultLoginPageGeneratingFilter@2f8294e7, org.springframework.security.web.authentication.ui.DefaultLogoutPageGeneratingFilter@3e38047, org.springframework.security.web.savedrequest.RequestCacheAwareFilter@26a379f2, org.springframework.security.web.servletapi.SecurityContextHolderAwareRequestFilter@6970c84f, org.springframework.security.web.authentication.AnonymousAuthenticationFilter@f0857da, org.springframework.security.web.session.SessionManagementFilter@395ffd63, org.springframework.security.web.access.ExceptionTranslationFilter@d76cfca, org.springframework.security.web.access.intercept.FilterSecurityInterceptor@6904f19]
2023-02-28 10:02:22.239  INFO 10620 --- [    Test worker] o.s.s.concurrent.ThreadPoolTaskExecutor  : Initializing ExecutorService 'applicationTaskExecutor'
2023-02-28 10:02:22.249  WARN 10620 --- [    Test worker] aWebConfiguration$JpaWebMvcConfiguration : spring.jpa.open-in-view is enabled by default. Therefore, database queries may be performed during view rendering. Explicitly configure spring.jpa.open-in-view to disable this warning
2023-02-28 10:02:22.272  INFO 10620 --- [    Test worker] o.s.b.a.w.s.WelcomePageHandlerMapping    : Adding welcome page template: index
2023-02-28 10:02:22.432  INFO 10620 --- [    Test worker] s.a.ScheduledAnnotationBeanPostProcessor : No TaskScheduler/ScheduledExecutorService bean found for scheduled processing
2023-02-28 10:02:22.447  INFO 10620 --- [    Test worker] o.s.b.w.embedded.tomcat.TomcatWebServer  : Tomcat started on port(s): 52223 (http) with context path ''
2023-02-28 10:02:22.448  INFO 10620 --- [    Test worker] c.l.boot.springboot.IndexControllerTest  : Started IndexControllerTest in 1.502 seconds (JVM running for 7.264)
2023-02-28 10:02:22.519  INFO 10620 --- [o-auto-1-exec-1] o.a.c.c.C.[Tomcat].[localhost].[/]       : Initializing Spring DispatcherServlet 'dispatcherServlet'
2023-02-28 10:02:22.520  INFO 10620 --- [o-auto-1-exec-1] o.s.web.servlet.DispatcherServlet        : Initializing Servlet 'dispatcherServlet'
2023-02-28 10:02:22.541  INFO 10620 --- [o-auto-1-exec-1] o.s.web.servlet.DispatcherServlet        : Completed initialization in 21 ms
Hibernate: select posts0_.id as id1_0_, posts0_.create_date as create_d2_0_, posts0_.modified_date as modified3_0_, posts0_.author as author4_0_, posts0_.content as content5_0_, posts0_.title as title6_0_ from posts posts0_ order by posts0_.id DESC
]]></system-out>
  <system-err><![CDATA[]]></system-err>
</testsuite>
