<?xml version="1.0" encoding="UTF-8"?>
<testsuite name="com.life.boot.springboot.domain.posts.PostsRepositoryTest" tests="2" skipped="0" failures="0" errors="0" timestamp="2023-02-28T01:02:20" hostname="DESKTOP-LS01TOA" time="0.158">
  <properties/>
  <testcase name="callBbs" classname="com.life.boot.springboot.domain.posts.PostsRepositoryTest" time="0.15"/>
  <testcase name="BaseTimeEntity_등록" classname="com.life.boot.springboot.domain.posts.PostsRepositoryTest" time="0.007"/>
  <system-out><![CDATA[10:02:15.851 [Test worker] DEBUG org.springframework.test.context.junit4.SpringJUnit4ClassRunner - SpringJUnit4ClassRunner constructor called with [class com.life.boot.springboot.domain.posts.PostsRepositoryTest]
10:02:15.853 [Test worker] DEBUG org.springframework.test.context.BootstrapUtils - Instantiating CacheAwareContextLoaderDelegate from class [org.springframework.test.context.cache.DefaultCacheAwareContextLoaderDelegate]
10:02:15.857 [Test worker] DEBUG org.springframework.test.context.BootstrapUtils - Instantiating BootstrapContext using constructor [public org.springframework.test.context.support.DefaultBootstrapContext(java.lang.Class,org.springframework.test.context.CacheAwareContextLoaderDelegate)]
10:02:15.867 [Test worker] DEBUG org.springframework.test.context.BootstrapUtils - Instantiating TestContextBootstrapper for test class [com.life.boot.springboot.domain.posts.PostsRepositoryTest] from class [org.springframework.boot.test.context.SpringBootTestContextBootstrapper]
10:02:15.874 [Test worker] INFO org.springframework.boot.test.context.SpringBootTestContextBootstrapper - Neither @ContextConfiguration nor @ContextHierarchy found for test class [com.life.boot.springboot.domain.posts.PostsRepositoryTest], using SpringBootContextLoader
10:02:15.876 [Test worker] DEBUG org.springframework.test.context.support.AbstractContextLoader - Did not detect default resource location for test class [com.life.boot.springboot.domain.posts.PostsRepositoryTest]: class path resource [com/life/boot/springboot/domain/posts/PostsRepositoryTest-context.xml] does not exist
10:02:15.876 [Test worker] DEBUG org.springframework.test.context.support.AbstractContextLoader - Did not detect default resource location for test class [com.life.boot.springboot.domain.posts.PostsRepositoryTest]: class path resource [com/life/boot/springboot/domain/posts/PostsRepositoryTestContext.groovy] does not exist
10:02:15.876 [Test worker] INFO org.springframework.test.context.support.AbstractContextLoader - Could not detect default resource locations for test class [com.life.boot.springboot.domain.posts.PostsRepositoryTest]: no resource found for suffixes {-context.xml, Context.groovy}.
10:02:15.877 [Test worker] INFO org.springframework.test.context.support.AnnotationConfigContextLoaderUtils - Could not detect default configuration classes for test class [com.life.boot.springboot.domain.posts.PostsRepositoryTest]: PostsRepositoryTest does not declare any static, non-private, non-final, nested classes annotated with @Configuration.
10:02:15.900 [Test worker] DEBUG org.springframework.test.context.support.ActiveProfilesUtils - Could not find an 'annotation declaring class' for annotation type [org.springframework.test.context.ActiveProfiles] and class [com.life.boot.springboot.domain.posts.PostsRepositoryTest]
10:02:15.959 [Test worker] DEBUG org.springframework.context.annotation.ClassPathScanningCandidateComponentProvider - Identified candidate component class: file [D:\kim\ws\bootPrj\MyBootPrj\build\classes\java\main\com\life\boot\springboot\Application.class]
10:02:15.960 [Test worker] INFO org.springframework.boot.test.context.SpringBootTestContextBootstrapper - Found @SpringBootConfiguration com.life.boot.springboot.Application for test class com.life.boot.springboot.domain.posts.PostsRepositoryTest
10:02:16.025 [Test worker] DEBUG org.springframework.boot.test.context.SpringBootTestContextBootstrapper - @TestExecutionListeners is not present for class [com.life.boot.springboot.domain.posts.PostsRepositoryTest]: using defaults.
10:02:16.025 [Test worker] INFO org.springframework.boot.test.context.SpringBootTestContextBootstrapper - Loaded default TestExecutionListener class names from location [META-INF/spring.factories]: [org.springframework.security.test.context.support.WithSecurityContextTestExecutionListener, org.springframework.security.test.context.support.ReactorContextTestExecutionListener, org.springframework.boot.test.autoconfigure.restdocs.RestDocsTestExecutionListener, org.springframework.boot.test.autoconfigure.web.client.MockRestServiceServerResetTestExecutionListener, org.springframework.boot.test.autoconfigure.web.servlet.MockMvcPrintOnlyOnFailureTestExecutionListener, org.springframework.boot.test.autoconfigure.web.servlet.WebDriverTestExecutionListener, org.springframework.boot.test.mock.mockito.MockitoTestExecutionListener, org.springframework.boot.test.mock.mockito.ResetMocksTestExecutionListener, org.springframework.test.context.web.ServletTestExecutionListener, org.springframework.test.context.support.DirtiesContextBeforeModesTestExecutionListener, org.springframework.test.context.support.DependencyInjectionTestExecutionListener, org.springframework.test.context.support.DirtiesContextTestExecutionListener, org.springframework.test.context.transaction.TransactionalTestExecutionListener, org.springframework.test.context.jdbc.SqlScriptsTestExecutionListener]
10:02:16.039 [Test worker] INFO org.springframework.boot.test.context.SpringBootTestContextBootstrapper - Using TestExecutionListeners: [org.springframework.test.context.web.ServletTestExecutionListener@55297f8a, org.springframework.test.context.support.DirtiesContextBeforeModesTestExecutionListener@20132148, org.springframework.boot.test.mock.mockito.MockitoTestExecutionListener@405247fd, org.springframework.boot.test.autoconfigure.SpringBootDependencyInjectionTestExecutionListener@52fc9e01, org.springframework.test.context.support.DirtiesContextTestExecutionListener@4c377efb, org.springframework.test.context.transaction.TransactionalTestExecutionListener@75971f54, org.springframework.test.context.jdbc.SqlScriptsTestExecutionListener@2728d3b4, org.springframework.security.test.context.support.WithSecurityContextTestExecutionListener@11125dc6, org.springframework.security.test.context.support.ReactorContextTestExecutionListener@66a529b9, org.springframework.boot.test.autoconfigure.restdocs.RestDocsTestExecutionListener@2b05e786, org.springframework.boot.test.autoconfigure.web.client.MockRestServiceServerResetTestExecutionListener@4a512421, org.springframework.boot.test.autoconfigure.web.servlet.MockMvcPrintOnlyOnFailureTestExecutionListener@49aeacc0, org.springframework.boot.test.autoconfigure.web.servlet.WebDriverTestExecutionListener@689bcad, org.springframework.boot.test.mock.mockito.ResetMocksTestExecutionListener@2b4522d]
10:02:16.040 [Test worker] DEBUG org.springframework.test.annotation.ProfileValueUtils - Retrieved @ProfileValueSourceConfiguration [null] for test class [com.life.boot.springboot.domain.posts.PostsRepositoryTest]
10:02:16.041 [Test worker] DEBUG org.springframework.test.annotation.ProfileValueUtils - Retrieved ProfileValueSource type [class org.springframework.test.annotation.SystemProfileValueSource] for class [com.life.boot.springboot.domain.posts.PostsRepositoryTest]
10:02:16.041 [Test worker] DEBUG org.springframework.test.annotation.ProfileValueUtils - Retrieved @ProfileValueSourceConfiguration [null] for test class [com.life.boot.springboot.domain.posts.PostsRepositoryTest]
10:02:16.041 [Test worker] DEBUG org.springframework.test.annotation.ProfileValueUtils - Retrieved ProfileValueSource type [class org.springframework.test.annotation.SystemProfileValueSource] for class [com.life.boot.springboot.domain.posts.PostsRepositoryTest]
10:02:16.043 [Test worker] DEBUG org.springframework.test.context.support.AbstractDirtiesContextTestExecutionListener - Before test class: context [DefaultTestContext@533cc4f8 testClass = PostsRepositoryTest, testInstance = [null], testMethod = [null], testException = [null], mergedContextConfiguration = [WebMergedContextConfiguration@6daf29d3 testClass = PostsRepositoryTest, locations = '{}', classes = '{class com.life.boot.springboot.Application}', contextInitializerClasses = '[]', activeProfiles = '{}', propertySourceLocations = '{}', propertySourceProperties = '{org.springframework.boot.test.context.SpringBootTestContextBootstrapper=true}', contextCustomizers = set[org.springframework.boot.test.autoconfigure.properties.PropertyMappingContextCustomizer@0, org.springframework.boot.test.autoconfigure.web.servlet.WebDriverContextCustomizerFactory$Customizer@6234dbbb, org.springframework.boot.test.context.filter.ExcludeFilterContextCustomizer@163f7f1, org.springframework.boot.test.json.DuplicateJsonObjectContextCustomizerFactory$DuplicateJsonObjectContextCustomizer@56b9c907, org.springframework.boot.test.mock.mockito.MockitoContextCustomizer@0, org.springframework.boot.test.web.client.TestRestTemplateContextCustomizer@6af93f36], resourceBasePath = 'src/main/webapp', contextLoader = 'org.springframework.boot.test.context.SpringBootContextLoader', parent = [null]], attributes = map['org.springframework.test.context.web.ServletTestExecutionListener.activateListener' -> true]], class annotated with @DirtiesContext [false] with mode [null].
10:02:16.043 [Test worker] DEBUG org.springframework.test.annotation.ProfileValueUtils - Retrieved @ProfileValueSourceConfiguration [null] for test class [com.life.boot.springboot.domain.posts.PostsRepositoryTest]
10:02:16.044 [Test worker] DEBUG org.springframework.test.annotation.ProfileValueUtils - Retrieved ProfileValueSource type [class org.springframework.test.annotation.SystemProfileValueSource] for class [com.life.boot.springboot.domain.posts.PostsRepositoryTest]
10:02:16.055 [Test worker] DEBUG org.springframework.test.context.support.TestPropertySourceUtils - Adding inlined properties to environment: {spring.jmx.enabled=false, org.springframework.boot.test.context.SpringBootTestContextBootstrapper=true, server.port=-1}

  .   ____          _            __ _ _
 /\\ / ___'_ __ _ _(_)_ __  __ _ \ \ \ \
( ( )\___ | '_ | '_| | '_ \/ _` | \ \ \ \
 \\/  ___)| |_)| | | | | || (_| |  ) ) ) )
  '  |____| .__|_| |_|_| |_\__, | / / / /
 =========|_|==============|___/=/_/_/_/
 :: Spring Boot ::        (v2.1.7.RELEASE)

2023-02-28 10:02:16.195  INFO 10620 --- [    Test worker] c.l.b.s.d.posts.PostsRepositoryTest      : Starting PostsRepositoryTest on DESKTOP-LS01TOA with PID 10620 (started by kne in D:\kim\ws\bootPrj\MyBootPrj)
2023-02-28 10:02:16.202  INFO 10620 --- [    Test worker] c.l.b.s.d.posts.PostsRepositoryTest      : No active profile set, falling back to default profiles: default
2023-02-28 10:02:16.760  INFO 10620 --- [    Test worker] .s.d.r.c.RepositoryConfigurationDelegate : Bootstrapping Spring Data repositories in DEFAULT mode.
2023-02-28 10:02:16.811  INFO 10620 --- [    Test worker] .s.d.r.c.RepositoryConfigurationDelegate : Finished Spring Data repository scanning in 46ms. Found 2 repository interfaces.
2023-02-28 10:02:17.144  INFO 10620 --- [    Test worker] trationDelegate$BeanPostProcessorChecker : Bean 'org.springframework.transaction.annotation.ProxyTransactionManagementConfiguration' of type [org.springframework.transaction.annotation.ProxyTransactionManagementConfiguration$$EnhancerBySpringCGLIB$$e247418e] is not eligible for getting processed by all BeanPostProcessors (for example: not eligible for auto-proxying)
2023-02-28 10:02:17.287  INFO 10620 --- [    Test worker] com.zaxxer.hikari.HikariDataSource       : HikariPool-1 - Starting...
2023-02-28 10:02:17.402  INFO 10620 --- [    Test worker] com.zaxxer.hikari.HikariDataSource       : HikariPool-1 - Start completed.
2023-02-28 10:02:17.459  INFO 10620 --- [    Test worker] o.hibernate.jpa.internal.util.LogHelper  : HHH000204: Processing PersistenceUnitInfo [
	name: default
	...]
2023-02-28 10:02:17.503  INFO 10620 --- [    Test worker] org.hibernate.Version                    : HHH000412: Hibernate Core {5.3.10.Final}
2023-02-28 10:02:17.504  INFO 10620 --- [    Test worker] org.hibernate.cfg.Environment            : HHH000206: hibernate.properties not found
2023-02-28 10:02:17.606  INFO 10620 --- [    Test worker] o.hibernate.annotations.common.Version   : HCANN000001: Hibernate Commons Annotations {5.0.4.Final}
2023-02-28 10:02:17.710  INFO 10620 --- [    Test worker] org.hibernate.dialect.Dialect            : HHH000400: Using dialect: org.hibernate.dialect.H2Dialect
Hibernate: drop table posts if exists
Hibernate: drop table user if exists
Hibernate: create table posts (id bigint generated by default as identity, create_date timestamp, modified_date timestamp, author varchar(255), content TEXT not null, title varchar(500) not null, primary key (id))
Hibernate: create table user (id bigint generated by default as identity, create_date timestamp, modified_date timestamp, email varchar(255) not null, name varchar(255) not null, picture varchar(255), role varchar(255) not null, primary key (id))
2023-02-28 10:02:18.151  INFO 10620 --- [    Test worker] o.h.t.schema.internal.SchemaCreatorImpl  : HHH000476: Executing import script 'org.hibernate.tool.schema.internal.exec.ScriptSourceInputNonExistentImpl@7072498c'
2023-02-28 10:02:18.153  INFO 10620 --- [    Test worker] j.LocalContainerEntityManagerFactoryBean : Initialized JPA EntityManagerFactory for persistence unit 'default'
2023-02-28 10:02:18.596  INFO 10620 --- [    Test worker] o.h.h.i.QueryTranslatorFactoryInitiator  : HHH000397: Using ASTQueryTranslatorFactory
2023-02-28 10:02:19.069  INFO 10620 --- [    Test worker] o.s.s.web.DefaultSecurityFilterChain     : Creating filter chain: any request, [org.springframework.security.web.context.request.async.WebAsyncManagerIntegrationFilter@2b90ab8e, org.springframework.security.web.context.SecurityContextPersistenceFilter@5a1a6f2c, org.springframework.security.web.header.HeaderWriterFilter@78c878ac, org.springframework.security.web.authentication.logout.LogoutFilter@67892e39, org.springframework.security.oauth2.client.web.OAuth2AuthorizationRequestRedirectFilter@1a6522f0, org.springframework.security.oauth2.client.web.OAuth2LoginAuthenticationFilter@762eafed, org.springframework.security.web.authentication.ui.DefaultLoginPageGeneratingFilter@70c77f4b, org.springframework.security.web.authentication.ui.DefaultLogoutPageGeneratingFilter@2d76c467, org.springframework.security.web.savedrequest.RequestCacheAwareFilter@2e212c33, org.springframework.security.web.servletapi.SecurityContextHolderAwareRequestFilter@796acf8e, org.springframework.security.web.authentication.AnonymousAuthenticationFilter@a4ed5fa, org.springframework.security.web.session.SessionManagementFilter@37d0a935, org.springframework.security.web.access.ExceptionTranslationFilter@61697fc7, org.springframework.security.web.access.intercept.FilterSecurityInterceptor@5642a1e4]
2023-02-28 10:02:19.501  INFO 10620 --- [    Test worker] o.s.s.concurrent.ThreadPoolTaskExecutor  : Initializing ExecutorService 'applicationTaskExecutor'
2023-02-28 10:02:19.545  WARN 10620 --- [    Test worker] aWebConfiguration$JpaWebMvcConfiguration : spring.jpa.open-in-view is enabled by default. Therefore, database queries may be performed during view rendering. Explicitly configure spring.jpa.open-in-view to disable this warning
2023-02-28 10:02:19.583  INFO 10620 --- [    Test worker] o.s.b.a.w.s.WelcomePageHandlerMapping    : Adding welcome page template: index
2023-02-28 10:02:19.990  INFO 10620 --- [    Test worker] s.a.ScheduledAnnotationBeanPostProcessor : No TaskScheduler/ScheduledExecutorService bean found for scheduled processing
2023-02-28 10:02:19.998  INFO 10620 --- [    Test worker] c.l.b.s.d.posts.PostsRepositoryTest      : Started PostsRepositoryTest in 3.938 seconds (JVM running for 4.814)
Hibernate: insert into posts (id, create_date, modified_date, author, content, title) values (null, ?, ?, ?, ?, ?)
Hibernate: select posts0_.id as id1_0_, posts0_.create_date as create_d2_0_, posts0_.modified_date as modified3_0_, posts0_.author as author4_0_, posts0_.content as content5_0_, posts0_.title as title6_0_ from posts posts0_
Hibernate: select posts0_.id as id1_0_, posts0_.create_date as create_d2_0_, posts0_.modified_date as modified3_0_, posts0_.author as author4_0_, posts0_.content as content5_0_, posts0_.title as title6_0_ from posts posts0_
Hibernate: delete from posts where id=?
Hibernate: insert into posts (id, create_date, modified_date, author, content, title) values (null, ?, ?, ?, ?, ?)
Hibernate: select posts0_.id as id1_0_, posts0_.create_date as create_d2_0_, posts0_.modified_date as modified3_0_, posts0_.author as author4_0_, posts0_.content as content5_0_, posts0_.title as title6_0_ from posts posts0_
>>>>>> createDate = 2023-02-28T10:02:20.163, modifiedDate = 2023-02-28T10:02:20.163
Hibernate: select posts0_.id as id1_0_, posts0_.create_date as create_d2_0_, posts0_.modified_date as modified3_0_, posts0_.author as author4_0_, posts0_.content as content5_0_, posts0_.title as title6_0_ from posts posts0_
Hibernate: delete from posts where id=?
]]></system-out>
  <system-err><![CDATA[]]></system-err>
</testsuite>
