<?xml version="1.0" encoding="UTF-8"?>
<testsuite name="com.life.boot.springboot.dto.HelloResponseDtoTest" tests="1" skipped="0" failures="0" errors="0" timestamp="2023-02-15T02:19:48" hostname="DESKTOP-LS01TOA" time="0.001">
  <properties/>
  <testcase name="lombokTest" classname="com.life.boot.springboot.dto.HelloResponseDtoTest" time="0.001"/>
  <system-out><![CDATA[]]></system-out>
  <system-err><![CDATA[]]></system-err>
</testsuite>
