<?xml version="1.0" encoding="UTF-8"?>
<testsuite name="com.life.boot.springboot.IndexControllerTest" tests="1" skipped="0" failures="0" errors="0" timestamp="2023-03-07T23:43:20" hostname="DESKTOP-LS01TOA" time="0.249">
  <properties/>
  <testcase name="main_page_load" classname="com.life.boot.springboot.IndexControllerTest" time="0.249"/>
  <system-out><![CDATA[2023-03-08 08:43:18.374  INFO 9508 --- [    Test worker] .b.t.c.SpringBootTestContextBootstrapper : Neither @ContextConfiguration nor @ContextHierarchy found for test class [com.life.boot.springboot.IndexControllerTest], using SpringBootContextLoader
2023-03-08 08:43:18.375  INFO 9508 --- [    Test worker] o.s.t.c.support.AbstractContextLoader    : Could not detect default resource locations for test class [com.life.boot.springboot.IndexControllerTest]: no resource found for suffixes {-context.xml, Context.groovy}.
2023-03-08 08:43:18.375  INFO 9508 --- [    Test worker] t.c.s.AnnotationConfigContextLoaderUtils : Could not detect default configuration classes for test class [com.life.boot.springboot.IndexControllerTest]: IndexControllerTest does not declare any static, non-private, non-final, nested classes annotated with @Configuration.
2023-03-08 08:43:18.378  INFO 9508 --- [    Test worker] .b.t.c.SpringBootTestContextBootstrapper : Found @SpringBootConfiguration com.life.boot.springboot.Application for test class com.life.boot.springboot.IndexControllerTest
2023-03-08 08:43:18.379  INFO 9508 --- [    Test worker] .b.t.c.SpringBootTestContextBootstrapper : Loaded default TestExecutionListener class names from location [META-INF/spring.factories]: [org.springframework.security.test.context.support.WithSecurityContextTestExecutionListener, org.springframework.security.test.context.support.ReactorContextTestExecutionListener, org.springframework.boot.test.autoconfigure.restdocs.RestDocsTestExecutionListener, org.springframework.boot.test.autoconfigure.web.client.MockRestServiceServerResetTestExecutionListener, org.springframework.boot.test.autoconfigure.web.servlet.MockMvcPrintOnlyOnFailureTestExecutionListener, org.springframework.boot.test.autoconfigure.web.servlet.WebDriverTestExecutionListener, org.springframework.boot.test.mock.mockito.MockitoTestExecutionListener, org.springframework.boot.test.mock.mockito.ResetMocksTestExecutionListener, org.springframework.test.context.web.ServletTestExecutionListener, org.springframework.test.context.support.DirtiesContextBeforeModesTestExecutionListener, org.springframework.test.context.support.DependencyInjectionTestExecutionListener, org.springframework.test.context.support.DirtiesContextTestExecutionListener, org.springframework.test.context.transaction.TransactionalTestExecutionListener, org.springframework.test.context.jdbc.SqlScriptsTestExecutionListener]
2023-03-08 08:43:18.380  INFO 9508 --- [    Test worker] .b.t.c.SpringBootTestContextBootstrapper : Using TestExecutionListeners: [org.springframework.test.context.web.ServletTestExecutionListener@3433944c, org.springframework.test.context.support.DirtiesContextBeforeModesTestExecutionListener@57e16a0d, org.springframework.boot.test.mock.mockito.MockitoTestExecutionListener@199936b9, org.springframework.boot.test.autoconfigure.SpringBootDependencyInjectionTestExecutionListener@32c76c56, org.springframework.test.context.support.DirtiesContextTestExecutionListener@1a7e1fb6, org.springframework.test.context.transaction.TransactionalTestExecutionListener@4613bff6, org.springframework.test.context.jdbc.SqlScriptsTestExecutionListener@16ef6573, org.springframework.security.test.context.support.WithSecurityContextTestExecutionListener@1fc30e24, org.springframework.security.test.context.support.ReactorContextTestExecutionListener@752a21c5, org.springframework.boot.test.autoconfigure.restdocs.RestDocsTestExecutionListener@2e1dcc99, org.springframework.boot.test.autoconfigure.web.client.MockRestServiceServerResetTestExecutionListener@4334e0d4, org.springframework.boot.test.autoconfigure.web.servlet.MockMvcPrintOnlyOnFailureTestExecutionListener@448174b8, org.springframework.boot.test.autoconfigure.web.servlet.WebDriverTestExecutionListener@608151e4, org.springframework.boot.test.mock.mockito.ResetMocksTestExecutionListener@20b82069]

  .   ____          _            __ _ _
 /\\ / ___'_ __ _ _(_)_ __  __ _ \ \ \ \
( ( )\___ | '_ | '_| | '_ \/ _` | \ \ \ \
 \\/  ___)| |_)| | | | | || (_| |  ) ) ) )
  '  |____| .__|_| |_|_| |_\__, | / / / /
 =========|_|==============|___/=/_/_/_/
 :: Spring Boot ::        (v2.1.7.RELEASE)

2023-03-08 08:43:18.412  INFO 9508 --- [    Test worker] c.l.boot.springboot.IndexControllerTest  : Starting IndexControllerTest on DESKTOP-LS01TOA with PID 9508 (started by kne in D:\kim\ws\bootPrj\MyBootPrj)
2023-03-08 08:43:18.413  INFO 9508 --- [    Test worker] c.l.boot.springboot.IndexControllerTest  : No active profile set, falling back to default profiles: default
2023-03-08 08:43:18.648  INFO 9508 --- [    Test worker] .s.d.r.c.RepositoryConfigurationDelegate : Bootstrapping Spring Data repositories in DEFAULT mode.
2023-03-08 08:43:18.670  INFO 9508 --- [    Test worker] .s.d.r.c.RepositoryConfigurationDelegate : Finished Spring Data repository scanning in 21ms. Found 2 repository interfaces.
2023-03-08 08:43:18.781  INFO 9508 --- [    Test worker] trationDelegate$BeanPostProcessorChecker : Bean 'org.springframework.transaction.annotation.ProxyTransactionManagementConfiguration' of type [org.springframework.transaction.annotation.ProxyTransactionManagementConfiguration$$EnhancerBySpringCGLIB$$f6acf4ef] is not eligible for getting processed by all BeanPostProcessors (for example: not eligible for auto-proxying)
2023-03-08 08:43:19.061  INFO 9508 --- [    Test worker] o.s.b.w.embedded.tomcat.TomcatWebServer  : Tomcat initialized with port(s): 0 (http)
2023-03-08 08:43:19.094  INFO 9508 --- [    Test worker] o.apache.catalina.core.StandardService   : Starting service [Tomcat]
2023-03-08 08:43:19.094  INFO 9508 --- [    Test worker] org.apache.catalina.core.StandardEngine  : Starting Servlet engine: [Apache Tomcat/9.0.22]
2023-03-08 08:43:19.277  INFO 9508 --- [    Test worker] o.a.c.c.C.[Tomcat].[localhost].[/]       : Initializing Spring embedded WebApplicationContext
2023-03-08 08:43:19.277  INFO 9508 --- [    Test worker] o.s.web.context.ContextLoader            : Root WebApplicationContext: initialization completed in 861 ms
2023-03-08 08:43:19.459  INFO 9508 --- [    Test worker] com.zaxxer.hikari.HikariDataSource       : HikariPool-2 - Starting...
2023-03-08 08:43:19.460  INFO 9508 --- [    Test worker] com.zaxxer.hikari.HikariDataSource       : HikariPool-2 - Start completed.
2023-03-08 08:43:19.503  INFO 9508 --- [    Test worker] o.hibernate.jpa.internal.util.LogHelper  : HHH000204: Processing PersistenceUnitInfo [
	name: default
	...]
2023-03-08 08:43:19.514  INFO 9508 --- [    Test worker] org.hibernate.dialect.Dialect            : HHH000400: Using dialect: org.hibernate.dialect.H2Dialect
Hibernate: drop table posts if exists
Hibernate: drop table user if exists
Hibernate: create table posts (id bigint generated by default as identity, create_date timestamp, modified_date timestamp, author varchar(255), content TEXT not null, title varchar(500) not null, primary key (id))
Hibernate: create table user (id bigint generated by default as identity, create_date timestamp, modified_date timestamp, email varchar(255) not null, name varchar(255) not null, picture varchar(255), role varchar(255) not null, primary key (id))
2023-03-08 08:43:19.573  INFO 9508 --- [    Test worker] o.h.t.schema.internal.SchemaCreatorImpl  : HHH000476: Executing import script 'org.hibernate.tool.schema.internal.exec.ScriptSourceInputNonExistentImpl@2abc6580'
2023-03-08 08:43:19.573  INFO 9508 --- [    Test worker] j.LocalContainerEntityManagerFactoryBean : Initialized JPA EntityManagerFactory for persistence unit 'default'
2023-03-08 08:43:19.969  INFO 9508 --- [    Test worker] o.h.h.i.QueryTranslatorFactoryInitiator  : HHH000397: Using ASTQueryTranslatorFactory
2023-03-08 08:43:20.115  INFO 9508 --- [    Test worker] o.s.s.web.DefaultSecurityFilterChain     : Creating filter chain: any request, [org.springframework.security.web.context.request.async.WebAsyncManagerIntegrationFilter@27fe866c, org.springframework.security.web.context.SecurityContextPersistenceFilter@51518b6d, org.springframework.security.web.header.HeaderWriterFilter@221041d1, org.springframework.security.web.authentication.logout.LogoutFilter@145a2a54, org.springframework.security.oauth2.client.web.OAuth2AuthorizationRequestRedirectFilter@4e90ef43, org.springframework.security.oauth2.client.web.OAuth2LoginAuthenticationFilter@78234b57, org.springframework.security.web.authentication.ui.DefaultLoginPageGeneratingFilter@498dcaeb, org.springframework.security.web.authentication.ui.DefaultLogoutPageGeneratingFilter@ff53568, org.springframework.security.web.savedrequest.RequestCacheAwareFilter@79d76792, org.springframework.security.web.servletapi.SecurityContextHolderAwareRequestFilter@59e9bfb0, org.springframework.security.web.authentication.AnonymousAuthenticationFilter@46563922, org.springframework.security.web.session.SessionManagementFilter@2b276a6c, org.springframework.security.web.access.ExceptionTranslationFilter@7daaa09d, org.springframework.security.web.access.intercept.FilterSecurityInterceptor@bc46cef]
2023-03-08 08:43:20.284  INFO 9508 --- [    Test worker] o.s.s.concurrent.ThreadPoolTaskExecutor  : Initializing ExecutorService 'applicationTaskExecutor'
2023-03-08 08:43:20.299  WARN 9508 --- [    Test worker] aWebConfiguration$JpaWebMvcConfiguration : spring.jpa.open-in-view is enabled by default. Therefore, database queries may be performed during view rendering. Explicitly configure spring.jpa.open-in-view to disable this warning
2023-03-08 08:43:20.328  INFO 9508 --- [    Test worker] o.s.b.a.w.s.WelcomePageHandlerMapping    : Adding welcome page template: index
2023-03-08 08:43:20.575  INFO 9508 --- [    Test worker] s.a.ScheduledAnnotationBeanPostProcessor : No TaskScheduler/ScheduledExecutorService bean found for scheduled processing
2023-03-08 08:43:20.594  INFO 9508 --- [    Test worker] o.s.b.w.embedded.tomcat.TomcatWebServer  : Tomcat started on port(s): 60912 (http) with context path ''
2023-03-08 08:43:20.595  INFO 9508 --- [    Test worker] c.l.boot.springboot.IndexControllerTest  : Started IndexControllerTest in 2.213 seconds (JVM running for 12.332)
2023-03-08 08:43:20.692  INFO 9508 --- [o-auto-1-exec-1] o.a.c.c.C.[Tomcat].[localhost].[/]       : Initializing Spring DispatcherServlet 'dispatcherServlet'
2023-03-08 08:43:20.692  INFO 9508 --- [o-auto-1-exec-1] o.s.web.servlet.DispatcherServlet        : Initializing Servlet 'dispatcherServlet'
2023-03-08 08:43:20.717  INFO 9508 --- [o-auto-1-exec-1] o.s.web.servlet.DispatcherServlet        : Completed initialization in 24 ms
Hibernate: select posts0_.id as id1_0_, posts0_.create_date as create_d2_0_, posts0_.modified_date as modified3_0_, posts0_.author as author4_0_, posts0_.content as content5_0_, posts0_.title as title6_0_ from posts posts0_ order by posts0_.id DESC
]]></system-out>
  <system-err><![CDATA[]]></system-err>
</testsuite>
