<?xml version="1.0" encoding="UTF-8"?>
<testsuite name="com.life.boot.springboot.IndexControllerTest" tests="1" skipped="0" failures="0" errors="0" timestamp="2023-02-15T02:19:50" hostname="DESKTOP-LS01TOA" time="0.158">
  <properties/>
  <testcase name="main_page_load" classname="com.life.boot.springboot.IndexControllerTest" time="0.158"/>
  <system-out><![CDATA[2023-02-15 11:19:49.348  INFO 15692 --- [    Test worker] .b.t.c.SpringBootTestContextBootstrapper : Neither @ContextConfiguration nor @ContextHierarchy found for test class [com.life.boot.springboot.IndexControllerTest], using SpringBootContextLoader
2023-02-15 11:19:49.348  INFO 15692 --- [    Test worker] o.s.t.c.support.AbstractContextLoader    : Could not detect default resource locations for test class [com.life.boot.springboot.IndexControllerTest]: no resource found for suffixes {-context.xml, Context.groovy}.
2023-02-15 11:19:49.348  INFO 15692 --- [    Test worker] t.c.s.AnnotationConfigContextLoaderUtils : Could not detect default configuration classes for test class [com.life.boot.springboot.IndexControllerTest]: IndexControllerTest does not declare any static, non-private, non-final, nested classes annotated with @Configuration.
2023-02-15 11:19:49.349  INFO 15692 --- [    Test worker] .b.t.c.SpringBootTestContextBootstrapper : Found @SpringBootConfiguration com.life.boot.springboot.Application for test class com.life.boot.springboot.IndexControllerTest
2023-02-15 11:19:49.350  INFO 15692 --- [    Test worker] .b.t.c.SpringBootTestContextBootstrapper : Loaded default TestExecutionListener class names from location [META-INF/spring.factories]: [org.springframework.security.test.context.support.WithSecurityContextTestExecutionListener, org.springframework.security.test.context.support.ReactorContextTestExecutionListener, org.springframework.boot.test.autoconfigure.restdocs.RestDocsTestExecutionListener, org.springframework.boot.test.autoconfigure.web.client.MockRestServiceServerResetTestExecutionListener, org.springframework.boot.test.autoconfigure.web.servlet.MockMvcPrintOnlyOnFailureTestExecutionListener, org.springframework.boot.test.autoconfigure.web.servlet.WebDriverTestExecutionListener, org.springframework.boot.test.mock.mockito.MockitoTestExecutionListener, org.springframework.boot.test.mock.mockito.ResetMocksTestExecutionListener, org.springframework.test.context.web.ServletTestExecutionListener, org.springframework.test.context.support.DirtiesContextBeforeModesTestExecutionListener, org.springframework.test.context.support.DependencyInjectionTestExecutionListener, org.springframework.test.context.support.DirtiesContextTestExecutionListener, org.springframework.test.context.transaction.TransactionalTestExecutionListener, org.springframework.test.context.jdbc.SqlScriptsTestExecutionListener]
2023-02-15 11:19:49.351  INFO 15692 --- [    Test worker] .b.t.c.SpringBootTestContextBootstrapper : Using TestExecutionListeners: [org.springframework.test.context.web.ServletTestExecutionListener@4fb8202, org.springframework.test.context.support.DirtiesContextBeforeModesTestExecutionListener@5eb76a4, org.springframework.boot.test.mock.mockito.MockitoTestExecutionListener@3b89c6e7, org.springframework.boot.test.autoconfigure.SpringBootDependencyInjectionTestExecutionListener@23caf115, org.springframework.test.context.support.DirtiesContextTestExecutionListener@7bf98cfc, org.springframework.test.context.transaction.TransactionalTestExecutionListener@25f99b71, org.springframework.test.context.jdbc.SqlScriptsTestExecutionListener@50b2cfd7, org.springframework.security.test.context.support.WithSecurityContextTestExecutionListener@2484de8d, org.springframework.security.test.context.support.ReactorContextTestExecutionListener@132d288d, org.springframework.boot.test.autoconfigure.restdocs.RestDocsTestExecutionListener@7a661b8a, org.springframework.boot.test.autoconfigure.web.client.MockRestServiceServerResetTestExecutionListener@3c6caf66, org.springframework.boot.test.autoconfigure.web.servlet.MockMvcPrintOnlyOnFailureTestExecutionListener@3e1e7ed0, org.springframework.boot.test.autoconfigure.web.servlet.WebDriverTestExecutionListener@440d40de, org.springframework.boot.test.mock.mockito.ResetMocksTestExecutionListener@efda99e]

  .   ____          _            __ _ _
 /\\ / ___'_ __ _ _(_)_ __  __ _ \ \ \ \
( ( )\___ | '_ | '_| | '_ \/ _` | \ \ \ \
 \\/  ___)| |_)| | | | | || (_| |  ) ) ) )
  '  |____| .__|_| |_|_| |_\__, | / / / /
 =========|_|==============|___/=/_/_/_/
 :: Spring Boot ::        (v2.1.7.RELEASE)

2023-02-15 11:19:49.373  INFO 15692 --- [    Test worker] c.l.boot.springboot.IndexControllerTest  : Starting IndexControllerTest on DESKTOP-LS01TOA with PID 15692 (started by kne in D:\kim\ws\bootPrj\MyBootPrj)
2023-02-15 11:19:49.373  INFO 15692 --- [    Test worker] c.l.boot.springboot.IndexControllerTest  : No active profile set, falling back to default profiles: default
2023-02-15 11:19:49.491  INFO 15692 --- [    Test worker] .s.d.r.c.RepositoryConfigurationDelegate : Bootstrapping Spring Data repositories in DEFAULT mode.
2023-02-15 11:19:49.518  INFO 15692 --- [    Test worker] .s.d.r.c.RepositoryConfigurationDelegate : Finished Spring Data repository scanning in 26ms. Found 2 repository interfaces.
2023-02-15 11:19:49.579  INFO 15692 --- [    Test worker] trationDelegate$BeanPostProcessorChecker : Bean 'org.springframework.transaction.annotation.ProxyTransactionManagementConfiguration' of type [org.springframework.transaction.annotation.ProxyTransactionManagementConfiguration$$EnhancerBySpringCGLIB$$3104a6fa] is not eligible for getting processed by all BeanPostProcessors (for example: not eligible for auto-proxying)
2023-02-15 11:19:49.760  INFO 15692 --- [    Test worker] o.s.b.w.embedded.tomcat.TomcatWebServer  : Tomcat initialized with port(s): 0 (http)
2023-02-15 11:19:49.785  INFO 15692 --- [    Test worker] o.apache.catalina.core.StandardService   : Starting service [Tomcat]
2023-02-15 11:19:49.785  INFO 15692 --- [    Test worker] org.apache.catalina.core.StandardEngine  : Starting Servlet engine: [Apache Tomcat/9.0.22]
2023-02-15 11:19:49.909  INFO 15692 --- [    Test worker] o.a.c.c.C.[Tomcat].[localhost].[/]       : Initializing Spring embedded WebApplicationContext
2023-02-15 11:19:49.910  INFO 15692 --- [    Test worker] o.s.web.context.ContextLoader            : Root WebApplicationContext: initialization completed in 535 ms
2023-02-15 11:19:50.040  INFO 15692 --- [    Test worker] com.zaxxer.hikari.HikariDataSource       : HikariPool-2 - Starting...
2023-02-15 11:19:50.041  INFO 15692 --- [    Test worker] com.zaxxer.hikari.HikariDataSource       : HikariPool-2 - Start completed.
2023-02-15 11:19:50.071  INFO 15692 --- [    Test worker] o.hibernate.jpa.internal.util.LogHelper  : HHH000204: Processing PersistenceUnitInfo [
	name: default
	...]
2023-02-15 11:19:50.078  INFO 15692 --- [    Test worker] org.hibernate.dialect.Dialect            : HHH000400: Using dialect: org.hibernate.dialect.H2Dialect
Hibernate: drop table posts if exists
Hibernate: drop table user if exists
Hibernate: create table posts (id bigint generated by default as identity, create_date timestamp, modified_date timestamp, author varchar(255), content TEXT not null, title varchar(500) not null, primary key (id))
Hibernate: create table user (id bigint generated by default as identity, create_date timestamp, modified_date timestamp, email varchar(255) not null, name varchar(255) not null, picture varchar(255), role varchar(255) not null, primary key (id))
2023-02-15 11:19:50.114  INFO 15692 --- [    Test worker] o.h.t.schema.internal.SchemaCreatorImpl  : HHH000476: Executing import script 'org.hibernate.tool.schema.internal.exec.ScriptSourceInputNonExistentImpl@5126a4ef'
2023-02-15 11:19:50.114  INFO 15692 --- [    Test worker] j.LocalContainerEntityManagerFactoryBean : Initialized JPA EntityManagerFactory for persistence unit 'default'
2023-02-15 11:19:50.337  INFO 15692 --- [    Test worker] o.h.h.i.QueryTranslatorFactoryInitiator  : HHH000397: Using ASTQueryTranslatorFactory
2023-02-15 11:19:50.434  INFO 15692 --- [    Test worker] o.s.s.web.DefaultSecurityFilterChain     : Creating filter chain: any request, [org.springframework.security.web.context.request.async.WebAsyncManagerIntegrationFilter@3e08808d, org.springframework.security.web.context.SecurityContextPersistenceFilter@6842e6f1, org.springframework.security.web.header.HeaderWriterFilter@3ede9b4d, org.springframework.security.web.authentication.logout.LogoutFilter@46ea59c7, org.springframework.security.oauth2.client.web.OAuth2AuthorizationRequestRedirectFilter@2fbe1b72, org.springframework.security.oauth2.client.web.OAuth2LoginAuthenticationFilter@2235717e, org.springframework.security.web.authentication.ui.DefaultLoginPageGeneratingFilter@39e04564, org.springframework.security.web.authentication.ui.DefaultLogoutPageGeneratingFilter@7daaa09d, org.springframework.security.web.savedrequest.RequestCacheAwareFilter@57854dd1, org.springframework.security.web.servletapi.SecurityContextHolderAwareRequestFilter@1dcba09f, org.springframework.security.web.authentication.AnonymousAuthenticationFilter@221041d1, org.springframework.security.web.session.SessionManagementFilter@1186a13b, org.springframework.security.web.access.ExceptionTranslationFilter@440f6ef6, org.springframework.security.web.access.intercept.FilterSecurityInterceptor@48117e17]
2023-02-15 11:19:50.552  INFO 15692 --- [    Test worker] o.s.s.concurrent.ThreadPoolTaskExecutor  : Initializing ExecutorService 'applicationTaskExecutor'
2023-02-15 11:19:50.566  WARN 15692 --- [    Test worker] aWebConfiguration$JpaWebMvcConfiguration : spring.jpa.open-in-view is enabled by default. Therefore, database queries may be performed during view rendering. Explicitly configure spring.jpa.open-in-view to disable this warning
2023-02-15 11:19:50.589  INFO 15692 --- [    Test worker] o.s.b.a.w.s.WelcomePageHandlerMapping    : Adding welcome page template: index
2023-02-15 11:19:50.770  INFO 15692 --- [    Test worker] s.a.ScheduledAnnotationBeanPostProcessor : No TaskScheduler/ScheduledExecutorService bean found for scheduled processing
2023-02-15 11:19:50.789  INFO 15692 --- [    Test worker] o.s.b.w.embedded.tomcat.TomcatWebServer  : Tomcat started on port(s): 57536 (http) with context path ''
2023-02-15 11:19:50.791  INFO 15692 --- [    Test worker] c.l.boot.springboot.IndexControllerTest  : Started IndexControllerTest in 1.438 seconds (JVM running for 7.876)
2023-02-15 11:19:50.857  INFO 15692 --- [o-auto-1-exec-1] o.a.c.c.C.[Tomcat].[localhost].[/]       : Initializing Spring DispatcherServlet 'dispatcherServlet'
2023-02-15 11:19:50.858  INFO 15692 --- [o-auto-1-exec-1] o.s.web.servlet.DispatcherServlet        : Initializing Servlet 'dispatcherServlet'
2023-02-15 11:19:50.879  INFO 15692 --- [o-auto-1-exec-1] o.s.web.servlet.DispatcherServlet        : Completed initialization in 21 ms
Hibernate: select posts0_.id as id1_0_, posts0_.create_date as create_d2_0_, posts0_.modified_date as modified3_0_, posts0_.author as author4_0_, posts0_.content as content5_0_, posts0_.title as title6_0_ from posts posts0_ order by posts0_.id DESC
]]></system-out>
  <system-err><![CDATA[]]></system-err>
</testsuite>
