<?xml version="1.0" encoding="UTF-8"?>
<testsuite name="com.life.boot.springboot.IndexControllerTest" tests="1" skipped="0" failures="0" errors="0" timestamp="2023-02-28T09:05:31" hostname="DESKTOP-LS01TOA" time="0.296">
  <properties/>
  <testcase name="main_page_load" classname="com.life.boot.springboot.IndexControllerTest" time="0.296"/>
  <system-out><![CDATA[2023-02-28 18:05:28.966  INFO 776 --- [    Test worker] .b.t.c.SpringBootTestContextBootstrapper : Neither @ContextConfiguration nor @ContextHierarchy found for test class [com.life.boot.springboot.IndexControllerTest], using SpringBootContextLoader
2023-02-28 18:05:28.967  INFO 776 --- [    Test worker] o.s.t.c.support.AbstractContextLoader    : Could not detect default resource locations for test class [com.life.boot.springboot.IndexControllerTest]: no resource found for suffixes {-context.xml, Context.groovy}.
2023-02-28 18:05:28.968  INFO 776 --- [    Test worker] t.c.s.AnnotationConfigContextLoaderUtils : Could not detect default configuration classes for test class [com.life.boot.springboot.IndexControllerTest]: IndexControllerTest does not declare any static, non-private, non-final, nested classes annotated with @Configuration.
2023-02-28 18:05:28.975  INFO 776 --- [    Test worker] .b.t.c.SpringBootTestContextBootstrapper : Found @SpringBootConfiguration com.life.boot.springboot.Application for test class com.life.boot.springboot.IndexControllerTest
2023-02-28 18:05:28.977  INFO 776 --- [    Test worker] .b.t.c.SpringBootTestContextBootstrapper : Loaded default TestExecutionListener class names from location [META-INF/spring.factories]: [org.springframework.security.test.context.support.WithSecurityContextTestExecutionListener, org.springframework.security.test.context.support.ReactorContextTestExecutionListener, org.springframework.boot.test.autoconfigure.restdocs.RestDocsTestExecutionListener, org.springframework.boot.test.autoconfigure.web.client.MockRestServiceServerResetTestExecutionListener, org.springframework.boot.test.autoconfigure.web.servlet.MockMvcPrintOnlyOnFailureTestExecutionListener, org.springframework.boot.test.autoconfigure.web.servlet.WebDriverTestExecutionListener, org.springframework.boot.test.mock.mockito.MockitoTestExecutionListener, org.springframework.boot.test.mock.mockito.ResetMocksTestExecutionListener, org.springframework.test.context.web.ServletTestExecutionListener, org.springframework.test.context.support.DirtiesContextBeforeModesTestExecutionListener, org.springframework.test.context.support.DependencyInjectionTestExecutionListener, org.springframework.test.context.support.DirtiesContextTestExecutionListener, org.springframework.test.context.transaction.TransactionalTestExecutionListener, org.springframework.test.context.jdbc.SqlScriptsTestExecutionListener]
2023-02-28 18:05:28.979  INFO 776 --- [    Test worker] .b.t.c.SpringBootTestContextBootstrapper : Using TestExecutionListeners: [org.springframework.test.context.web.ServletTestExecutionListener@240eaaa, org.springframework.test.context.support.DirtiesContextBeforeModesTestExecutionListener@7e74370d, org.springframework.boot.test.mock.mockito.MockitoTestExecutionListener@6ba4c4, org.springframework.boot.test.autoconfigure.SpringBootDependencyInjectionTestExecutionListener@fdb7ded, org.springframework.test.context.support.DirtiesContextTestExecutionListener@a4bd306, org.springframework.test.context.transaction.TransactionalTestExecutionListener@5558511d, org.springframework.test.context.jdbc.SqlScriptsTestExecutionListener@84892f6, org.springframework.security.test.context.support.WithSecurityContextTestExecutionListener@5ca8b207, org.springframework.security.test.context.support.ReactorContextTestExecutionListener@8af9977, org.springframework.boot.test.autoconfigure.restdocs.RestDocsTestExecutionListener@1fe8f1c6, org.springframework.boot.test.autoconfigure.web.client.MockRestServiceServerResetTestExecutionListener@537b1fef, org.springframework.boot.test.autoconfigure.web.servlet.MockMvcPrintOnlyOnFailureTestExecutionListener@4adab70d, org.springframework.boot.test.autoconfigure.web.servlet.WebDriverTestExecutionListener@3ecafb00, org.springframework.boot.test.mock.mockito.ResetMocksTestExecutionListener@66745bde]

  .   ____          _            __ _ _
 /\\ / ___'_ __ _ _(_)_ __  __ _ \ \ \ \
( ( )\___ | '_ | '_| | '_ \/ _` | \ \ \ \
 \\/  ___)| |_)| | | | | || (_| |  ) ) ) )
  '  |____| .__|_| |_|_| |_\__, | / / / /
 =========|_|==============|___/=/_/_/_/
 :: Spring Boot ::        (v2.1.7.RELEASE)

2023-02-28 18:05:29.010  INFO 776 --- [    Test worker] c.l.boot.springboot.IndexControllerTest  : Starting IndexControllerTest on DESKTOP-LS01TOA with PID 776 (started by kne in D:\kim\ws\bootPrj\MyBootPrj)
2023-02-28 18:05:29.011  INFO 776 --- [    Test worker] c.l.boot.springboot.IndexControllerTest  : No active profile set, falling back to default profiles: default
2023-02-28 18:05:29.349  INFO 776 --- [    Test worker] .s.d.r.c.RepositoryConfigurationDelegate : Bootstrapping Spring Data repositories in DEFAULT mode.
2023-02-28 18:05:29.383  INFO 776 --- [    Test worker] .s.d.r.c.RepositoryConfigurationDelegate : Finished Spring Data repository scanning in 34ms. Found 2 repository interfaces.
2023-02-28 18:05:29.525  INFO 776 --- [    Test worker] trationDelegate$BeanPostProcessorChecker : Bean 'org.springframework.transaction.annotation.ProxyTransactionManagementConfiguration' of type [org.springframework.transaction.annotation.ProxyTransactionManagementConfiguration$$EnhancerBySpringCGLIB$$b3b2320a] is not eligible for getting processed by all BeanPostProcessors (for example: not eligible for auto-proxying)
2023-02-28 18:05:29.891  INFO 776 --- [    Test worker] o.s.b.w.embedded.tomcat.TomcatWebServer  : Tomcat initialized with port(s): 0 (http)
2023-02-28 18:05:29.937  INFO 776 --- [    Test worker] o.apache.catalina.core.StandardService   : Starting service [Tomcat]
2023-02-28 18:05:29.938  INFO 776 --- [    Test worker] org.apache.catalina.core.StandardEngine  : Starting Servlet engine: [Apache Tomcat/9.0.22]
2023-02-28 18:05:30.166  INFO 776 --- [    Test worker] o.a.c.c.C.[Tomcat].[localhost].[/]       : Initializing Spring embedded WebApplicationContext
2023-02-28 18:05:30.167  INFO 776 --- [    Test worker] o.s.web.context.ContextLoader            : Root WebApplicationContext: initialization completed in 1154 ms
2023-02-28 18:05:30.430  INFO 776 --- [    Test worker] com.zaxxer.hikari.HikariDataSource       : HikariPool-2 - Starting...
2023-02-28 18:05:30.432  INFO 776 --- [    Test worker] com.zaxxer.hikari.HikariDataSource       : HikariPool-2 - Start completed.
2023-02-28 18:05:30.476  INFO 776 --- [    Test worker] o.hibernate.jpa.internal.util.LogHelper  : HHH000204: Processing PersistenceUnitInfo [
	name: default
	...]
2023-02-28 18:05:30.487  INFO 776 --- [    Test worker] org.hibernate.dialect.Dialect            : HHH000400: Using dialect: org.hibernate.dialect.H2Dialect
Hibernate: drop table posts if exists
Hibernate: drop table user if exists
Hibernate: create table posts (id bigint generated by default as identity, create_date timestamp, modified_date timestamp, author varchar(255), content TEXT not null, title varchar(500) not null, primary key (id))
Hibernate: create table user (id bigint generated by default as identity, create_date timestamp, modified_date timestamp, email varchar(255) not null, name varchar(255) not null, picture varchar(255), role varchar(255) not null, primary key (id))
2023-02-28 18:05:30.564  INFO 776 --- [    Test worker] o.h.t.schema.internal.SchemaCreatorImpl  : HHH000476: Executing import script 'org.hibernate.tool.schema.internal.exec.ScriptSourceInputNonExistentImpl@4ea4e76'
2023-02-28 18:05:30.564  INFO 776 --- [    Test worker] j.LocalContainerEntityManagerFactoryBean : Initialized JPA EntityManagerFactory for persistence unit 'default'
2023-02-28 18:05:30.992  INFO 776 --- [    Test worker] o.h.h.i.QueryTranslatorFactoryInitiator  : HHH000397: Using ASTQueryTranslatorFactory
2023-02-28 18:05:31.182  INFO 776 --- [    Test worker] o.s.s.web.DefaultSecurityFilterChain     : Creating filter chain: any request, [org.springframework.security.web.context.request.async.WebAsyncManagerIntegrationFilter@48ff00bf, org.springframework.security.web.context.SecurityContextPersistenceFilter@76dc3c0e, org.springframework.security.web.header.HeaderWriterFilter@43e306be, org.springframework.security.web.authentication.logout.LogoutFilter@3a1e6de1, org.springframework.security.oauth2.client.web.OAuth2AuthorizationRequestRedirectFilter@5d3f2784, org.springframework.security.oauth2.client.web.OAuth2LoginAuthenticationFilter@3750f312, org.springframework.security.web.authentication.ui.DefaultLoginPageGeneratingFilter@2d350805, org.springframework.security.web.authentication.ui.DefaultLogoutPageGeneratingFilter@713e5f4e, org.springframework.security.web.savedrequest.RequestCacheAwareFilter@679a9dde, org.springframework.security.web.servletapi.SecurityContextHolderAwareRequestFilter@3c17a165, org.springframework.security.web.authentication.AnonymousAuthenticationFilter@551955ea, org.springframework.security.web.session.SessionManagementFilter@5698f56f, org.springframework.security.web.access.ExceptionTranslationFilter@16d0f0e3, org.springframework.security.web.access.intercept.FilterSecurityInterceptor@6c8aae40]
2023-02-28 18:05:31.403  INFO 776 --- [    Test worker] o.s.s.concurrent.ThreadPoolTaskExecutor  : Initializing ExecutorService 'applicationTaskExecutor'
2023-02-28 18:05:31.423  WARN 776 --- [    Test worker] aWebConfiguration$JpaWebMvcConfiguration : spring.jpa.open-in-view is enabled by default. Therefore, database queries may be performed during view rendering. Explicitly configure spring.jpa.open-in-view to disable this warning
2023-02-28 18:05:31.460  INFO 776 --- [    Test worker] o.s.b.a.w.s.WelcomePageHandlerMapping    : Adding welcome page template: index
2023-02-28 18:05:31.823  INFO 776 --- [    Test worker] s.a.ScheduledAnnotationBeanPostProcessor : No TaskScheduler/ScheduledExecutorService bean found for scheduled processing
2023-02-28 18:05:31.849  INFO 776 --- [    Test worker] o.s.b.w.embedded.tomcat.TomcatWebServer  : Tomcat started on port(s): 50139 (http) with context path ''
2023-02-28 18:05:31.850  INFO 776 --- [    Test worker] c.l.boot.springboot.IndexControllerTest  : Started IndexControllerTest in 2.87 seconds (JVM running for 11.567)
2023-02-28 18:05:31.977  INFO 776 --- [o-auto-1-exec-1] o.a.c.c.C.[Tomcat].[localhost].[/]       : Initializing Spring DispatcherServlet 'dispatcherServlet'
2023-02-28 18:05:31.977  INFO 776 --- [o-auto-1-exec-1] o.s.web.servlet.DispatcherServlet        : Initializing Servlet 'dispatcherServlet'
2023-02-28 18:05:32.001  INFO 776 --- [o-auto-1-exec-1] o.s.web.servlet.DispatcherServlet        : Completed initialization in 24 ms
Hibernate: select posts0_.id as id1_0_, posts0_.create_date as create_d2_0_, posts0_.modified_date as modified3_0_, posts0_.author as author4_0_, posts0_.content as content5_0_, posts0_.title as title6_0_ from posts posts0_ order by posts0_.id DESC
]]></system-out>
  <system-err><![CDATA[]]></system-err>
</testsuite>
