<?xml version="1.0" encoding="UTF-8"?>
<testsuite name="com.life.boot.springboot.ProfileControllerTest" tests="1" skipped="0" failures="0" errors="0" timestamp="2023-03-07T23:43:20" hostname="DESKTOP-LS01TOA" time="0.014">
  <properties/>
  <testcase name="profile은_인증없이_호출된다" classname="com.life.boot.springboot.ProfileControllerTest" time="0.014"/>
  <system-out><![CDATA[2023-03-08 08:43:20.853  INFO 9508 --- [    Test worker] .b.t.c.SpringBootTestContextBootstrapper : Neither @ContextConfiguration nor @ContextHierarchy found for test class [com.life.boot.springboot.ProfileControllerTest], using SpringBootContextLoader
2023-03-08 08:43:20.854  INFO 9508 --- [    Test worker] o.s.t.c.support.AbstractContextLoader    : Could not detect default resource locations for test class [com.life.boot.springboot.ProfileControllerTest]: no resource found for suffixes {-context.xml, Context.groovy}.
2023-03-08 08:43:20.854  INFO 9508 --- [    Test worker] t.c.s.AnnotationConfigContextLoaderUtils : Could not detect default configuration classes for test class [com.life.boot.springboot.ProfileControllerTest]: ProfileControllerTest does not declare any static, non-private, non-final, nested classes annotated with @Configuration.
2023-03-08 08:43:20.856  INFO 9508 --- [    Test worker] .b.t.c.SpringBootTestContextBootstrapper : Found @SpringBootConfiguration com.life.boot.springboot.Application for test class com.life.boot.springboot.ProfileControllerTest
2023-03-08 08:43:20.858  INFO 9508 --- [    Test worker] .b.t.c.SpringBootTestContextBootstrapper : Loaded default TestExecutionListener class names from location [META-INF/spring.factories]: [org.springframework.security.test.context.support.WithSecurityContextTestExecutionListener, org.springframework.security.test.context.support.ReactorContextTestExecutionListener, org.springframework.boot.test.autoconfigure.restdocs.RestDocsTestExecutionListener, org.springframework.boot.test.autoconfigure.web.client.MockRestServiceServerResetTestExecutionListener, org.springframework.boot.test.autoconfigure.web.servlet.MockMvcPrintOnlyOnFailureTestExecutionListener, org.springframework.boot.test.autoconfigure.web.servlet.WebDriverTestExecutionListener, org.springframework.boot.test.mock.mockito.MockitoTestExecutionListener, org.springframework.boot.test.mock.mockito.ResetMocksTestExecutionListener, org.springframework.test.context.web.ServletTestExecutionListener, org.springframework.test.context.support.DirtiesContextBeforeModesTestExecutionListener, org.springframework.test.context.support.DependencyInjectionTestExecutionListener, org.springframework.test.context.support.DirtiesContextTestExecutionListener, org.springframework.test.context.transaction.TransactionalTestExecutionListener, org.springframework.test.context.jdbc.SqlScriptsTestExecutionListener]
2023-03-08 08:43:20.858  INFO 9508 --- [    Test worker] .b.t.c.SpringBootTestContextBootstrapper : Using TestExecutionListeners: [org.springframework.test.context.web.ServletTestExecutionListener@3a542717, org.springframework.test.context.support.DirtiesContextBeforeModesTestExecutionListener@79f21403, org.springframework.boot.test.mock.mockito.MockitoTestExecutionListener@3d65e3d3, org.springframework.boot.test.autoconfigure.SpringBootDependencyInjectionTestExecutionListener@5711676d, org.springframework.test.context.support.DirtiesContextTestExecutionListener@4c668e07, org.springframework.test.context.transaction.TransactionalTestExecutionListener@255dc984, org.springframework.test.context.jdbc.SqlScriptsTestExecutionListener@3734dd87, org.springframework.security.test.context.support.WithSecurityContextTestExecutionListener@6b42ee03, org.springframework.security.test.context.support.ReactorContextTestExecutionListener@13ac53da, org.springframework.boot.test.autoconfigure.restdocs.RestDocsTestExecutionListener@58f6a9c2, org.springframework.boot.test.autoconfigure.web.client.MockRestServiceServerResetTestExecutionListener@493f9fbe, org.springframework.boot.test.autoconfigure.web.servlet.MockMvcPrintOnlyOnFailureTestExecutionListener@35f1526c, org.springframework.boot.test.autoconfigure.web.servlet.WebDriverTestExecutionListener@44b2f58b, org.springframework.boot.test.mock.mockito.ResetMocksTestExecutionListener@29e7ec66]
]]></system-out>
  <system-err><![CDATA[]]></system-err>
</testsuite>
