<?xml version="1.0" encoding="UTF-8"?>
<testsuite name="com.life.boot.springboot.dto.HelloResponseDtoTest" tests="1" skipped="0" failures="0" errors="0" timestamp="2023-02-28T09:05:32" hostname="DESKTOP-LS01TOA" time="0.002">
  <properties/>
  <testcase name="lombokTest" classname="com.life.boot.springboot.dto.HelloResponseDtoTest" time="0.002"/>
  <system-out><![CDATA[]]></system-out>
  <system-err><![CDATA[]]></system-err>
</testsuite>
