<?xml version="1.0" encoding="UTF-8"?>
<testsuite name="com.life.boot.springboot.HelloControllerTest" tests="2" skipped="0" failures="0" errors="0" timestamp="2023-02-15T02:19:49" hostname="DESKTOP-LS01TOA" time="0.118">
  <properties/>
  <testcase name="rtnhelloDto" classname="com.life.boot.springboot.HelloControllerTest" time="0.112"/>
  <testcase name="rtnHello" classname="com.life.boot.springboot.HelloControllerTest" time="0.006"/>
  <system-out><![CDATA[2023-02-15 11:19:48.618  INFO 15692 --- [    Test worker] .b.t.a.w.s.WebMvcTestContextBootstrapper : Neither @ContextConfiguration nor @ContextHierarchy found for test class [com.life.boot.springboot.HelloControllerTest], using SpringBootContextLoader
2023-02-15 11:19:48.619  INFO 15692 --- [    Test worker] o.s.t.c.support.AbstractContextLoader    : Could not detect default resource locations for test class [com.life.boot.springboot.HelloControllerTest]: no resource found for suffixes {-context.xml, Context.groovy}.
2023-02-15 11:19:48.619  INFO 15692 --- [    Test worker] t.c.s.AnnotationConfigContextLoaderUtils : Could not detect default configuration classes for test class [com.life.boot.springboot.HelloControllerTest]: HelloControllerTest does not declare any static, non-private, non-final, nested classes annotated with @Configuration.
2023-02-15 11:19:48.637  INFO 15692 --- [    Test worker] .b.t.c.SpringBootTestContextBootstrapper : Found @SpringBootConfiguration com.life.boot.springboot.Application for test class com.life.boot.springboot.HelloControllerTest
2023-02-15 11:19:48.637  INFO 15692 --- [    Test worker] .b.t.a.w.s.WebMvcTestContextBootstrapper : Loaded default TestExecutionListener class names from location [META-INF/spring.factories]: [org.springframework.security.test.context.support.WithSecurityContextTestExecutionListener, org.springframework.security.test.context.support.ReactorContextTestExecutionListener, org.springframework.boot.test.autoconfigure.restdocs.RestDocsTestExecutionListener, org.springframework.boot.test.autoconfigure.web.client.MockRestServiceServerResetTestExecutionListener, org.springframework.boot.test.autoconfigure.web.servlet.MockMvcPrintOnlyOnFailureTestExecutionListener, org.springframework.boot.test.autoconfigure.web.servlet.WebDriverTestExecutionListener, org.springframework.boot.test.mock.mockito.MockitoTestExecutionListener, org.springframework.boot.test.mock.mockito.ResetMocksTestExecutionListener, org.springframework.test.context.web.ServletTestExecutionListener, org.springframework.test.context.support.DirtiesContextBeforeModesTestExecutionListener, org.springframework.test.context.support.DependencyInjectionTestExecutionListener, org.springframework.test.context.support.DirtiesContextTestExecutionListener, org.springframework.test.context.transaction.TransactionalTestExecutionListener, org.springframework.test.context.jdbc.SqlScriptsTestExecutionListener]
2023-02-15 11:19:48.638  INFO 15692 --- [    Test worker] .b.t.a.w.s.WebMvcTestContextBootstrapper : Using TestExecutionListeners: [org.springframework.test.context.web.ServletTestExecutionListener@7a68cc2f, org.springframework.test.context.support.DirtiesContextBeforeModesTestExecutionListener@7fe2aab5, org.springframework.boot.test.mock.mockito.MockitoTestExecutionListener@14cfdd64, org.springframework.boot.test.autoconfigure.SpringBootDependencyInjectionTestExecutionListener@411bf805, org.springframework.test.context.support.DirtiesContextTestExecutionListener@7dae4dbd, org.springframework.test.context.transaction.TransactionalTestExecutionListener@1773e7bf, org.springframework.test.context.jdbc.SqlScriptsTestExecutionListener@7dbd2cc8, org.springframework.security.test.context.support.WithSecurityContextTestExecutionListener@63f828aa, org.springframework.security.test.context.support.ReactorContextTestExecutionListener@6cb452cd, org.springframework.boot.test.autoconfigure.restdocs.RestDocsTestExecutionListener@64f20efb, org.springframework.boot.test.autoconfigure.web.client.MockRestServiceServerResetTestExecutionListener@70bdb5c1, org.springframework.boot.test.autoconfigure.web.servlet.MockMvcPrintOnlyOnFailureTestExecutionListener@52226e04, org.springframework.boot.test.autoconfigure.web.servlet.WebDriverTestExecutionListener@1cce6cb7, org.springframework.boot.test.mock.mockito.ResetMocksTestExecutionListener@68bf3c03]

  .   ____          _            __ _ _
 /\\ / ___'_ __ _ _(_)_ __  __ _ \ \ \ \
( ( )\___ | '_ | '_| | '_ \/ _` | \ \ \ \
 \\/  ___)| |_)| | | | | || (_| |  ) ) ) )
  '  |____| .__|_| |_|_| |_\__, | / / / /
 =========|_|==============|___/=/_/_/_/
 :: Spring Boot ::        (v2.1.7.RELEASE)

2023-02-15 11:19:48.659  INFO 15692 --- [    Test worker] c.l.boot.springboot.HelloControllerTest  : Starting HelloControllerTest on DESKTOP-LS01TOA with PID 15692 (started by kne in D:\kim\ws\bootPrj\MyBootPrj)
2023-02-15 11:19:48.659  INFO 15692 --- [    Test worker] c.l.boot.springboot.HelloControllerTest  : No active profile set, falling back to default profiles: default
2023-02-15 11:19:48.927  INFO 15692 --- [    Test worker] o.s.s.concurrent.ThreadPoolTaskExecutor  : Initializing ExecutorService 'applicationTaskExecutor'
2023-02-15 11:19:48.951  INFO 15692 --- [    Test worker] o.s.b.a.w.s.WelcomePageHandlerMapping    : Adding welcome page template: index
2023-02-15 11:19:49.097  INFO 15692 --- [    Test worker] .s.s.UserDetailsServiceAutoConfiguration : 

Using generated security password: a53df2e0-18ea-4e54-b6cc-8d3cd098cb40

2023-02-15 11:19:49.172  INFO 15692 --- [    Test worker] o.s.s.web.DefaultSecurityFilterChain     : Creating filter chain: any request, [org.springframework.security.web.context.request.async.WebAsyncManagerIntegrationFilter@6b92ffac, org.springframework.security.web.context.SecurityContextPersistenceFilter@296d9b9, org.springframework.security.web.header.HeaderWriterFilter@75209f6d, org.springframework.security.web.csrf.CsrfFilter@4f988a0f, org.springframework.security.web.authentication.logout.LogoutFilter@4a27bb4b, org.springframework.security.web.authentication.UsernamePasswordAuthenticationFilter@656d6c17, org.springframework.security.web.authentication.ui.DefaultLoginPageGeneratingFilter@5e6a855f, org.springframework.security.web.authentication.ui.DefaultLogoutPageGeneratingFilter@5a225121, org.springframework.security.web.authentication.www.BasicAuthenticationFilter@21500674, org.springframework.security.web.savedrequest.RequestCacheAwareFilter@4c9996cf, org.springframework.security.web.servletapi.SecurityContextHolderAwareRequestFilter@3db3b3c6, org.springframework.security.web.authentication.AnonymousAuthenticationFilter@7b609fb7, org.springframework.security.web.session.SessionManagementFilter@7ee3bb34, org.springframework.security.web.access.ExceptionTranslationFilter@4cb05e2a, org.springframework.security.web.access.intercept.FilterSecurityInterceptor@495586f7]
2023-02-15 11:19:49.195  INFO 15692 --- [    Test worker] o.s.b.t.m.w.SpringBootMockServletContext : Initializing Spring TestDispatcherServlet ''
2023-02-15 11:19:49.195  INFO 15692 --- [    Test worker] o.s.t.web.servlet.TestDispatcherServlet  : Initializing Servlet ''
2023-02-15 11:19:49.205  INFO 15692 --- [    Test worker] o.s.t.web.servlet.TestDispatcherServlet  : Completed initialization in 10 ms
2023-02-15 11:19:49.224  INFO 15692 --- [    Test worker] c.l.boot.springboot.HelloControllerTest  : Started HelloControllerTest in 0.584 seconds (JVM running for 6.31)
hello
]]></system-out>
  <system-err><![CDATA[]]></system-err>
</testsuite>
