<?xml version="1.0" encoding="UTF-8"?>
<testsuite name="com.life.boot.springboot.ProfileControllerTest" tests="1" skipped="0" failures="0" errors="0" timestamp="2023-02-28T01:02:22" hostname="DESKTOP-LS01TOA" time="0.01">
  <properties/>
  <testcase name="profile은_인증없이_호출된다" classname="com.life.boot.springboot.ProfileControllerTest" time="0.01"/>
  <system-out><![CDATA[2023-02-28 10:02:22.596  INFO 10620 --- [    Test worker] .b.t.c.SpringBootTestContextBootstrapper : Neither @ContextConfiguration nor @ContextHierarchy found for test class [com.life.boot.springboot.ProfileControllerTest], using SpringBootContextLoader
2023-02-28 10:02:22.596  INFO 10620 --- [    Test worker] o.s.t.c.support.AbstractContextLoader    : Could not detect default resource locations for test class [com.life.boot.springboot.ProfileControllerTest]: no resource found for suffixes {-context.xml, Context.groovy}.
2023-02-28 10:02:22.597  INFO 10620 --- [    Test worker] t.c.s.AnnotationConfigContextLoaderUtils : Could not detect default configuration classes for test class [com.life.boot.springboot.ProfileControllerTest]: ProfileControllerTest does not declare any static, non-private, non-final, nested classes annotated with @Configuration.
2023-02-28 10:02:22.597  INFO 10620 --- [    Test worker] .b.t.c.SpringBootTestContextBootstrapper : Found @SpringBootConfiguration com.life.boot.springboot.Application for test class com.life.boot.springboot.ProfileControllerTest
2023-02-28 10:02:22.598  INFO 10620 --- [    Test worker] .b.t.c.SpringBootTestContextBootstrapper : Loaded default TestExecutionListener class names from location [META-INF/spring.factories]: [org.springframework.security.test.context.support.WithSecurityContextTestExecutionListener, org.springframework.security.test.context.support.ReactorContextTestExecutionListener, org.springframework.boot.test.autoconfigure.restdocs.RestDocsTestExecutionListener, org.springframework.boot.test.autoconfigure.web.client.MockRestServiceServerResetTestExecutionListener, org.springframework.boot.test.autoconfigure.web.servlet.MockMvcPrintOnlyOnFailureTestExecutionListener, org.springframework.boot.test.autoconfigure.web.servlet.WebDriverTestExecutionListener, org.springframework.boot.test.mock.mockito.MockitoTestExecutionListener, org.springframework.boot.test.mock.mockito.ResetMocksTestExecutionListener, org.springframework.test.context.web.ServletTestExecutionListener, org.springframework.test.context.support.DirtiesContextBeforeModesTestExecutionListener, org.springframework.test.context.support.DependencyInjectionTestExecutionListener, org.springframework.test.context.support.DirtiesContextTestExecutionListener, org.springframework.test.context.transaction.TransactionalTestExecutionListener, org.springframework.test.context.jdbc.SqlScriptsTestExecutionListener]
2023-02-28 10:02:22.599  INFO 10620 --- [    Test worker] .b.t.c.SpringBootTestContextBootstrapper : Using TestExecutionListeners: [org.springframework.test.context.web.ServletTestExecutionListener@7a8a9ec6, org.springframework.test.context.support.DirtiesContextBeforeModesTestExecutionListener@53964e85, org.springframework.boot.test.mock.mockito.MockitoTestExecutionListener@3b54f631, org.springframework.boot.test.autoconfigure.SpringBootDependencyInjectionTestExecutionListener@15e11c14, org.springframework.test.context.support.DirtiesContextTestExecutionListener@3b33ccc0, org.springframework.test.context.transaction.TransactionalTestExecutionListener@5ab05f45, org.springframework.test.context.jdbc.SqlScriptsTestExecutionListener@46c9df5c, org.springframework.security.test.context.support.WithSecurityContextTestExecutionListener@5bd56a2d, org.springframework.security.test.context.support.ReactorContextTestExecutionListener@7ea5f85b, org.springframework.boot.test.autoconfigure.restdocs.RestDocsTestExecutionListener@26b7cabd, org.springframework.boot.test.autoconfigure.web.client.MockRestServiceServerResetTestExecutionListener@2e8cc208, org.springframework.boot.test.autoconfigure.web.servlet.MockMvcPrintOnlyOnFailureTestExecutionListener@5ef841f6, org.springframework.boot.test.autoconfigure.web.servlet.WebDriverTestExecutionListener@fce1d52, org.springframework.boot.test.mock.mockito.ResetMocksTestExecutionListener@17b4cc34]
]]></system-out>
  <system-err><![CDATA[]]></system-err>
</testsuite>
