<?xml version="1.0" encoding="UTF-8"?>
<testsuite name="com.life.boot.springboot.ProfileControllerTest" tests="1" skipped="0" failures="0" errors="0" timestamp="2023-02-28T09:05:32" hostname="DESKTOP-LS01TOA" time="0.03">
  <properties/>
  <testcase name="profile은_인증없이_호출된다" classname="com.life.boot.springboot.ProfileControllerTest" time="0.03"/>
  <system-out><![CDATA[2023-02-28 18:05:32.156  INFO 776 --- [    Test worker] .b.t.c.SpringBootTestContextBootstrapper : Neither @ContextConfiguration nor @ContextHierarchy found for test class [com.life.boot.springboot.ProfileControllerTest], using SpringBootContextLoader
2023-02-28 18:05:32.157  INFO 776 --- [    Test worker] o.s.t.c.support.AbstractContextLoader    : Could not detect default resource locations for test class [com.life.boot.springboot.ProfileControllerTest]: no resource found for suffixes {-context.xml, Context.groovy}.
2023-02-28 18:05:32.158  INFO 776 --- [    Test worker] t.c.s.AnnotationConfigContextLoaderUtils : Could not detect default configuration classes for test class [com.life.boot.springboot.ProfileControllerTest]: ProfileControllerTest does not declare any static, non-private, non-final, nested classes annotated with @Configuration.
2023-02-28 18:05:32.161  INFO 776 --- [    Test worker] .b.t.c.SpringBootTestContextBootstrapper : Found @SpringBootConfiguration com.life.boot.springboot.Application for test class com.life.boot.springboot.ProfileControllerTest
2023-02-28 18:05:32.163  INFO 776 --- [    Test worker] .b.t.c.SpringBootTestContextBootstrapper : Loaded default TestExecutionListener class names from location [META-INF/spring.factories]: [org.springframework.security.test.context.support.WithSecurityContextTestExecutionListener, org.springframework.security.test.context.support.ReactorContextTestExecutionListener, org.springframework.boot.test.autoconfigure.restdocs.RestDocsTestExecutionListener, org.springframework.boot.test.autoconfigure.web.client.MockRestServiceServerResetTestExecutionListener, org.springframework.boot.test.autoconfigure.web.servlet.MockMvcPrintOnlyOnFailureTestExecutionListener, org.springframework.boot.test.autoconfigure.web.servlet.WebDriverTestExecutionListener, org.springframework.boot.test.mock.mockito.MockitoTestExecutionListener, org.springframework.boot.test.mock.mockito.ResetMocksTestExecutionListener, org.springframework.test.context.web.ServletTestExecutionListener, org.springframework.test.context.support.DirtiesContextBeforeModesTestExecutionListener, org.springframework.test.context.support.DependencyInjectionTestExecutionListener, org.springframework.test.context.support.DirtiesContextTestExecutionListener, org.springframework.test.context.transaction.TransactionalTestExecutionListener, org.springframework.test.context.jdbc.SqlScriptsTestExecutionListener]
2023-02-28 18:05:32.163  INFO 776 --- [    Test worker] .b.t.c.SpringBootTestContextBootstrapper : Using TestExecutionListeners: [org.springframework.test.context.web.ServletTestExecutionListener@681fb30a, org.springframework.test.context.support.DirtiesContextBeforeModesTestExecutionListener@6d19068e, org.springframework.boot.test.mock.mockito.MockitoTestExecutionListener@12cdfb7a, org.springframework.boot.test.autoconfigure.SpringBootDependencyInjectionTestExecutionListener@62215831, org.springframework.test.context.support.DirtiesContextTestExecutionListener@77b3209c, org.springframework.test.context.transaction.TransactionalTestExecutionListener@52bb6592, org.springframework.test.context.jdbc.SqlScriptsTestExecutionListener@2f504294, org.springframework.security.test.context.support.WithSecurityContextTestExecutionListener@4758779f, org.springframework.security.test.context.support.ReactorContextTestExecutionListener@29811828, org.springframework.boot.test.autoconfigure.restdocs.RestDocsTestExecutionListener@201f6f7f, org.springframework.boot.test.autoconfigure.web.client.MockRestServiceServerResetTestExecutionListener@df6dd0a, org.springframework.boot.test.autoconfigure.web.servlet.MockMvcPrintOnlyOnFailureTestExecutionListener@916b7a4, org.springframework.boot.test.autoconfigure.web.servlet.WebDriverTestExecutionListener@28f7aef6, org.springframework.boot.test.mock.mockito.ResetMocksTestExecutionListener@73c84800]
]]></system-out>
  <system-err><![CDATA[]]></system-err>
</testsuite>
