<?xml version="1.0" encoding="UTF-8"?>
<testsuite name="com.life.boot.springboot.HelloControllerTest" tests="2" skipped="0" failures="0" errors="0" timestamp="2023-03-07T23:43:18" hostname="DESKTOP-LS01TOA" time="0.158">
  <properties/>
  <testcase name="rtnhelloDto" classname="com.life.boot.springboot.HelloControllerTest" time="0.147"/>
  <testcase name="rtnHello" classname="com.life.boot.springboot.HelloControllerTest" time="0.01"/>
  <system-out><![CDATA[2023-03-08 08:43:17.256  INFO 9508 --- [    Test worker] .b.t.a.w.s.WebMvcTestContextBootstrapper : Neither @ContextConfiguration nor @ContextHierarchy found for test class [com.life.boot.springboot.HelloControllerTest], using SpringBootContextLoader
2023-03-08 08:43:17.257  INFO 9508 --- [    Test worker] o.s.t.c.support.AbstractContextLoader    : Could not detect default resource locations for test class [com.life.boot.springboot.HelloControllerTest]: no resource found for suffixes {-context.xml, Context.groovy}.
2023-03-08 08:43:17.257  INFO 9508 --- [    Test worker] t.c.s.AnnotationConfigContextLoaderUtils : Could not detect default configuration classes for test class [com.life.boot.springboot.HelloControllerTest]: HelloControllerTest does not declare any static, non-private, non-final, nested classes annotated with @Configuration.
2023-03-08 08:43:17.283  INFO 9508 --- [    Test worker] .b.t.c.SpringBootTestContextBootstrapper : Found @SpringBootConfiguration com.life.boot.springboot.Application for test class com.life.boot.springboot.HelloControllerTest
2023-03-08 08:43:17.284  INFO 9508 --- [    Test worker] .b.t.a.w.s.WebMvcTestContextBootstrapper : Loaded default TestExecutionListener class names from location [META-INF/spring.factories]: [org.springframework.security.test.context.support.WithSecurityContextTestExecutionListener, org.springframework.security.test.context.support.ReactorContextTestExecutionListener, org.springframework.boot.test.autoconfigure.restdocs.RestDocsTestExecutionListener, org.springframework.boot.test.autoconfigure.web.client.MockRestServiceServerResetTestExecutionListener, org.springframework.boot.test.autoconfigure.web.servlet.MockMvcPrintOnlyOnFailureTestExecutionListener, org.springframework.boot.test.autoconfigure.web.servlet.WebDriverTestExecutionListener, org.springframework.boot.test.mock.mockito.MockitoTestExecutionListener, org.springframework.boot.test.mock.mockito.ResetMocksTestExecutionListener, org.springframework.test.context.web.ServletTestExecutionListener, org.springframework.test.context.support.DirtiesContextBeforeModesTestExecutionListener, org.springframework.test.context.support.DependencyInjectionTestExecutionListener, org.springframework.test.context.support.DirtiesContextTestExecutionListener, org.springframework.test.context.transaction.TransactionalTestExecutionListener, org.springframework.test.context.jdbc.SqlScriptsTestExecutionListener]
2023-03-08 08:43:17.284  INFO 9508 --- [    Test worker] .b.t.a.w.s.WebMvcTestContextBootstrapper : Using TestExecutionListeners: [org.springframework.test.context.web.ServletTestExecutionListener@1cce6cb7, org.springframework.test.context.support.DirtiesContextBeforeModesTestExecutionListener@68bf3c03, org.springframework.boot.test.mock.mockito.MockitoTestExecutionListener@75b18f68, org.springframework.boot.test.autoconfigure.SpringBootDependencyInjectionTestExecutionListener@34228d94, org.springframework.test.context.support.DirtiesContextTestExecutionListener@5be6f473, org.springframework.test.context.transaction.TransactionalTestExecutionListener@4aa88428, org.springframework.test.context.jdbc.SqlScriptsTestExecutionListener@331b88da, org.springframework.security.test.context.support.WithSecurityContextTestExecutionListener@1375ed00, org.springframework.security.test.context.support.ReactorContextTestExecutionListener@7f5cc671, org.springframework.boot.test.autoconfigure.restdocs.RestDocsTestExecutionListener@71db8476, org.springframework.boot.test.autoconfigure.web.client.MockRestServiceServerResetTestExecutionListener@1e698fcf, org.springframework.boot.test.autoconfigure.web.servlet.MockMvcPrintOnlyOnFailureTestExecutionListener@22c86cef, org.springframework.boot.test.autoconfigure.web.servlet.WebDriverTestExecutionListener@3b3e4989, org.springframework.boot.test.mock.mockito.ResetMocksTestExecutionListener@166b92ac]

  .   ____          _            __ _ _
 /\\ / ___'_ __ _ _(_)_ __  __ _ \ \ \ \
( ( )\___ | '_ | '_| | '_ \/ _` | \ \ \ \
 \\/  ___)| |_)| | | | | || (_| |  ) ) ) )
  '  |____| .__|_| |_|_| |_\__, | / / / /
 =========|_|==============|___/=/_/_/_/
 :: Spring Boot ::        (v2.1.7.RELEASE)

2023-03-08 08:43:17.320  INFO 9508 --- [    Test worker] c.l.boot.springboot.HelloControllerTest  : Starting HelloControllerTest on DESKTOP-LS01TOA with PID 9508 (started by kne in D:\kim\ws\bootPrj\MyBootPrj)
2023-03-08 08:43:17.322  INFO 9508 --- [    Test worker] c.l.boot.springboot.HelloControllerTest  : No active profile set, falling back to default profiles: default
2023-03-08 08:43:17.774  INFO 9508 --- [    Test worker] o.s.s.concurrent.ThreadPoolTaskExecutor  : Initializing ExecutorService 'applicationTaskExecutor'
2023-03-08 08:43:17.804  INFO 9508 --- [    Test worker] o.s.b.a.w.s.WelcomePageHandlerMapping    : Adding welcome page template: index
2023-03-08 08:43:18.002  INFO 9508 --- [    Test worker] .s.s.UserDetailsServiceAutoConfiguration : 

Using generated security password: 24ffd94c-a95d-4b1c-a56f-aed8b6a3baea

2023-03-08 08:43:18.131  INFO 9508 --- [    Test worker] o.s.s.web.DefaultSecurityFilterChain     : Creating filter chain: any request, [org.springframework.security.web.context.request.async.WebAsyncManagerIntegrationFilter@72fa909a, org.springframework.security.web.context.SecurityContextPersistenceFilter@5d62ab7, org.springframework.security.web.header.HeaderWriterFilter@2fd3da4d, org.springframework.security.web.csrf.CsrfFilter@656d6c17, org.springframework.security.web.authentication.logout.LogoutFilter@7ba78c37, org.springframework.security.web.authentication.UsernamePasswordAuthenticationFilter@d5c0bcf, org.springframework.security.web.authentication.ui.DefaultLoginPageGeneratingFilter@7b609fb7, org.springframework.security.web.authentication.ui.DefaultLogoutPageGeneratingFilter@5db2ccb1, org.springframework.security.web.authentication.www.BasicAuthenticationFilter@2fe2d4ac, org.springframework.security.web.savedrequest.RequestCacheAwareFilter@6b92ffac, org.springframework.security.web.servletapi.SecurityContextHolderAwareRequestFilter@5a225121, org.springframework.security.web.authentication.AnonymousAuthenticationFilter@644c241f, org.springframework.security.web.session.SessionManagementFilter@21500674, org.springframework.security.web.access.ExceptionTranslationFilter@4ad48fde, org.springframework.security.web.access.intercept.FilterSecurityInterceptor@20faa5b2]
2023-03-08 08:43:18.165  INFO 9508 --- [    Test worker] o.s.b.t.m.w.SpringBootMockServletContext : Initializing Spring TestDispatcherServlet ''
2023-03-08 08:43:18.165  INFO 9508 --- [    Test worker] o.s.t.web.servlet.TestDispatcherServlet  : Initializing Servlet ''
2023-03-08 08:43:18.179  INFO 9508 --- [    Test worker] o.s.t.web.servlet.TestDispatcherServlet  : Completed initialization in 14 ms
2023-03-08 08:43:18.210  INFO 9508 --- [    Test worker] c.l.boot.springboot.HelloControllerTest  : Started HelloControllerTest in 0.923 seconds (JVM running for 9.947)
hello
]]></system-out>
  <system-err><![CDATA[]]></system-err>
</testsuite>
